Using pre-set license
Built from '2022.3/staging' branch; Version is '2022.3.49f1 (4dae1bb8668d) revision 5090843'; Using compiler version '192829333'; Build Type 'Release'
OS: 'Windows 11  (10.0.22631) 64bit Professional' Language: 'pt' Physical Memory: 16109 MB
BatchMode: 1, IsHumanControllingUs: 0, StartBugReporterOnCrash: 0, Is64bit: 1, IsPro: 1

COMMAND LINE ARGUMENTS:
C:\Program Files\Unity\Hub\Editor\2022.3.49f1\Editor\Unity.exe
-adb2
-batchMode
-noUpm
-name
AssetImportWorker0
-projectPath
C:/Users/Rita/Documents/GitHub/CV_ProjetoFinal
-logFile
Logs/AssetImportWorker0.log
-srvPort
60755
Successfully changed project path to: C:/Users/Rita/Documents/GitHub/CV_ProjetoFinal
C:/Users/Rita/Documents/GitHub/CV_ProjetoFinal
[UnityMemory] Configuration Parameters - Can be set up in boot.config
    "memorysetup-bucket-allocator-granularity=16"
    "memorysetup-bucket-allocator-bucket-count=8"
    "memorysetup-bucket-allocator-block-size=33554432"
    "memorysetup-bucket-allocator-block-count=8"
    "memorysetup-main-allocator-block-size=16777216"
    "memorysetup-thread-allocator-block-size=16777216"
    "memorysetup-gfx-main-allocator-block-size=16777216"
    "memorysetup-gfx-thread-allocator-block-size=16777216"
    "memorysetup-cache-allocator-block-size=4194304"
    "memorysetup-typetree-allocator-block-size=2097152"
    "memorysetup-profiler-bucket-allocator-granularity=16"
    "memorysetup-profiler-bucket-allocator-bucket-count=8"
    "memorysetup-profiler-bucket-allocator-block-size=33554432"
    "memorysetup-profiler-bucket-allocator-block-count=8"
    "memorysetup-profiler-allocator-block-size=16777216"
    "memorysetup-profiler-editor-allocator-block-size=1048576"
    "memorysetup-temp-allocator-size-main=16777216"
    "memorysetup-job-temp-allocator-block-size=2097152"
    "memorysetup-job-temp-allocator-block-size-background=1048576"
    "memorysetup-job-temp-allocator-reduction-small-platforms=262144"
    "memorysetup-allocator-temp-initial-block-size-main=262144"
    "memorysetup-allocator-temp-initial-block-size-worker=262144"
    "memorysetup-temp-allocator-size-background-worker=32768"
    "memorysetup-temp-allocator-size-job-worker=262144"
    "memorysetup-temp-allocator-size-preload-manager=33554432"
    "memorysetup-temp-allocator-size-nav-mesh-worker=65536"
    "memorysetup-temp-allocator-size-audio-worker=65536"
    "memorysetup-temp-allocator-size-cloud-worker=32768"
    "memorysetup-temp-allocator-size-gi-baking-worker=262144"
    "memorysetup-temp-allocator-size-gfx=262144"
Player connection [40548]  Target information:

Player connection [40548]  * "[IP] 192.168.46.255 [Port] 0 [Flags] 2 [Guid] 2020971372 [EditorId] 2020971372 [Version] 1048832 [Id] WindowsEditor(7,LAPTOP-1HTEPRN1) [Debug] 1 [PackageName] WindowsEditor [ProjectName] Editor" 

Player connection [40548] Host joined multi-casting on [225.0.0.222:54997]...
Player connection [40548] Host joined alternative multi-casting on [225.0.0.222:34997]...
[PhysX] Initialized MultithreadedTaskDispatcher with 12 workers.
Refreshing native plugins compatible for Editor in 12.55 ms, found 3 plugins.
Preloading 0 native plugins for Editor in 0.00 ms.
Initialize engine version: 2022.3.49f1 (4dae1bb8668d)
[Subsystems] Discovering subsystems at path C:/Program Files/Unity/Hub/Editor/2022.3.49f1/Editor/Data/Resources/UnitySubsystems
[Subsystems] Discovering subsystems at path C:/Users/Rita/Documents/GitHub/CV_ProjetoFinal/Assets
GfxDevice: creating device client; threaded=0; jobified=0
Direct3D:
    Version:  Direct3D 11.0 [level 11.1]
    Renderer: Intel(R) Iris(R) Xe Graphics (ID=0x46a8)
    Vendor:   Intel
    VRAM:     8054 MB
    Driver:   31.0.101.4502
Initialize mono
Mono path[0] = 'C:/Program Files/Unity/Hub/Editor/2022.3.49f1/Editor/Data/Managed'
Mono path[1] = 'C:/Program Files/Unity/Hub/Editor/2022.3.49f1/Editor/Data/MonoBleedingEdge/lib/mono/unityjit-win32'
Mono config path = 'C:/Program Files/Unity/Hub/Editor/2022.3.49f1/Editor/Data/MonoBleedingEdge/etc'
Using monoOptions --debugger-agent=transport=dt_socket,embedding=1,server=y,suspend=n,address=127.0.0.1:56356
Begin MonoManager ReloadAssembly
Registering precompiled unity dll's ...
Register platform support module: C:/Program Files/Unity/Hub/Editor/2022.3.49f1/Editor/Data/PlaybackEngines/WindowsStandaloneSupport/UnityEditor.WindowsStandalone.Extensions.dll
Registered in 0.011227 seconds.
- Loaded All Assemblies, in  0.368 seconds
Native extension for WindowsStandalone target not found
Mono: successfully reloaded assembly
- Finished resetting the current domain, in  0.283 seconds
Domain Reload Profiling: 648ms
	BeginReloadAssembly (117ms)
		ExecutionOrderSort (0ms)
		DisableScriptedObjects (0ms)
		BackupInstance (0ms)
		ReleaseScriptingObjects (0ms)
		CreateAndSetChildDomain (1ms)
	RebuildCommonClasses (34ms)
	RebuildNativeTypeToScriptingClass (9ms)
	initialDomainReloadingComplete (64ms)
	LoadAllAssembliesAndSetupDomain (140ms)
		LoadAssemblies (114ms)
		RebuildTransferFunctionScriptingTraits (0ms)
		AnalyzeDomain (138ms)
			TypeCache.Refresh (137ms)
				TypeCache.ScanAssembly (125ms)
			ScanForSourceGeneratedMonoScriptInfo (0ms)
			ResolveRequiredComponents (0ms)
	FinalizeReload (283ms)
		ReleaseScriptCaches (0ms)
		RebuildScriptCaches (0ms)
		SetupLoadedEditorAssemblies (233ms)
			LogAssemblyErrors (0ms)
			InitializePlatformSupportModulesInManaged (10ms)
			SetLoadedEditorAssemblies (8ms)
			RefreshPlugins (0ms)
			BeforeProcessingInitializeOnLoad (2ms)
			ProcessInitializeOnLoadAttributes (169ms)
			ProcessInitializeOnLoadMethodAttributes (44ms)
			AfterProcessingInitializeOnLoad (0ms)
			EditorAssembliesLoaded (0ms)
		ExecutionOrderSort2 (0ms)
		AwakeInstancesAfterBackupRestoration (0ms)
========================================================================
Worker process is ready to serve import requests
Caller must complete domain reload
Begin MonoManager ReloadAssembly
- Loaded All Assemblies, in  0.648 seconds
Native extension for WindowsStandalone target not found
Package Manager log level set to [2]
[Package Manager] Server::EnsureServerProcessIsRunning -- launch failed, reason: Unity was launched with the -noUpm command-line argument
[Package Manager] UpmClient::Send -- Unable to send message (not connected to UPM process).
[Package Manager] Cannot connect to Unity Package Manager local server
Mono: successfully reloaded assembly
- Finished resetting the current domain, in  0.620 seconds
Domain Reload Profiling: 1263ms
	BeginReloadAssembly (162ms)
		ExecutionOrderSort (0ms)
		DisableScriptedObjects (4ms)
		BackupInstance (0ms)
		ReleaseScriptingObjects (0ms)
		CreateAndSetChildDomain (21ms)
	RebuildCommonClasses (33ms)
	RebuildNativeTypeToScriptingClass (10ms)
	initialDomainReloadingComplete (48ms)
	LoadAllAssembliesAndSetupDomain (391ms)
		LoadAssemblies (333ms)
		RebuildTransferFunctionScriptingTraits (0ms)
		AnalyzeDomain (158ms)
			TypeCache.Refresh (139ms)
				TypeCache.ScanAssembly (127ms)
			ScanForSourceGeneratedMonoScriptInfo (13ms)
			ResolveRequiredComponents (4ms)
	FinalizeReload (620ms)
		ReleaseScriptCaches (0ms)
		RebuildScriptCaches (0ms)
		SetupLoadedEditorAssemblies (487ms)
			LogAssemblyErrors (0ms)
			InitializePlatformSupportModulesInManaged (7ms)
			SetLoadedEditorAssemblies (4ms)
			RefreshPlugins (0ms)
			BeforeProcessingInitializeOnLoad (62ms)
			ProcessInitializeOnLoadAttributes (380ms)
			ProcessInitializeOnLoadMethodAttributes (22ms)
			AfterProcessingInitializeOnLoad (12ms)
			EditorAssembliesLoaded (0ms)
		ExecutionOrderSort2 (0ms)
		AwakeInstancesAfterBackupRestoration (7ms)
Launched and connected shader compiler UnityShaderCompiler.exe after 0.05 seconds
Refreshing native plugins compatible for Editor in 4.65 ms, found 3 plugins.
Preloading 0 native plugins for Editor in 0.00 ms.
Unloading 3089 Unused Serialized files (Serialized files now loaded: 0)
Unloading 19 unused Assets / (55.0 KB). Loaded Objects now: 3556.
Memory consumption went from 118.5 MB to 118.5 MB.
Total: 3.204500 ms (FindLiveObjects: 0.306300 ms CreateObjectMapping: 0.103800 ms MarkObjects: 2.668300 ms  DeleteObjects: 0.124300 ms)

AssetImportParameters requested are different than current active one (requested -> active):
  custom:container-demuxer-ogg: 62fdf1f143b41e24485cea50d1cbac27 -> 
  custom:video-codec-MediaFoundation-h265: 746d11721c4dcdbdad8f713fa42b33f4 -> 
  custom:video-decoder-ogg-theora: a1e56fd34408186e4bbccfd4996cb3dc -> 
  custom:framework-win-MediaFoundation: 216162199b28c13a410421893ffa2e32 -> 
  custom:CustomObjectIndexerAttribute: 9a22284fe3817be447336de3de66b15e -> 
  custom:container-demuxer-webm: 4f35f7cbe854078d1ac9338744f61a02 -> 
  custom:container-muxer-webm: aa71ff27fc2769a1b78a27578f13a17b -> 
  custom:video-decoder-webm-vp8: 9c59270c3fd7afecdb556c50c9e8de78 -> 
  custom:SearchIndexIgnoredProperties: e643bd26f0fe6173181afceb89e7c659 -> 
  custom:AudioImporter_EditorPlatform: d09bf68614088b80899f8185d706f6e7 -> 
  custom:video-encoder-webm-vp8: eb34c28f22e8b96e1ab97ce403110664 -> 
  custom:audio-decoder-ogg-vorbis: bf7c407c2cedff20999df2af8eb42d56 -> 
  custom:audio-encoder-webm-vorbis: bf7c407c2cedff20999df2af8eb42d56 -> 
========================================================================
Received Import Request.
  Time since last request: 1826316.956505 seconds.
  path: Assets/Models/Human_1/defaultMat.mat
  artifactKey: Guid(66f3df6676f053f479bb474789c028dc) Importer(815301076,1909f56bfc062723c751e8b465ee728b)
Start importing Assets/Models/Human_1/defaultMat.mat using Guid(66f3df6676f053f479bb474789c028dc) Importer(815301076,1909f56bfc062723c751e8b465ee728b) [PhysX] Initialized MultithreadedTaskDispatcher with 12 workers.
[PhysX] Initialized MultithreadedTaskDispatcher with 12 workers.
 -> (artifact id: '405d28c777d6a1c4cd169b15e86c2206') in 0.117946 seconds
Number of updated asset objects reloaded before import = 0
Number of asset objects unloaded after import = 1
========================================================================
Received Import Request.
  Time since last request: 1506.940251 seconds.
  path: Assets/Models/LeafWall
  artifactKey: Guid(14045c07829120949892f03da50f00d1) Importer(815301076,1909f56bfc062723c751e8b465ee728b)
Start importing Assets/Models/LeafWall using Guid(14045c07829120949892f03da50f00d1) Importer(815301076,1909f56bfc062723c751e8b465ee728b) [PhysX] Initialized MultithreadedTaskDispatcher with 12 workers.
 -> (artifact id: '69026a662469aadd68fbded4c7a41180') in 0.001152 seconds
Number of updated asset objects reloaded before import = 0
Number of asset objects unloaded after import = 0
========================================================================
Received Import Request.
  Time since last request: 9.658053 seconds.
  path: Assets/Scenes/Asset Dump.unity
  artifactKey: Guid(6a52ea2d5ce25f940b8a60ac296f561f) Importer(815301076,1909f56bfc062723c751e8b465ee728b)
Start importing Assets/Scenes/Asset Dump.unity using Guid(6a52ea2d5ce25f940b8a60ac296f561f) Importer(815301076,1909f56bfc062723c751e8b465ee728b) [PhysX] Initialized MultithreadedTaskDispatcher with 12 workers.
 -> (artifact id: '568dfd2796e4921e14b033228add246b') in 0.000896 seconds
Number of updated asset objects reloaded before import = 0
Number of asset objects unloaded after import = 0
========================================================================
Received Import Request.
  Time since last request: 30.065374 seconds.
  path: Assets/Models/LeafWall/FBX_AS09_JasminumOfficinale_1.fbx
  artifactKey: Guid(32796625475d6a34eb9baa8b1e560b6b) Importer(815301076,1909f56bfc062723c751e8b465ee728b)
Start importing Assets/Models/LeafWall/FBX_AS09_JasminumOfficinale_1.fbx using Guid(32796625475d6a34eb9baa8b1e560b6b) Importer(815301076,1909f56bfc062723c751e8b465ee728b) [PhysX] Initialized MultithreadedTaskDispatcher with 12 workers.
[PhysX] Initialized MultithreadedTaskDispatcher with 12 workers.
[PhysX] Initialized MultithreadedTaskDispatcher with 12 workers.
[PhysX] Initialized MultithreadedTaskDispatcher with 12 workers.
[PhysX] Initialized MultithreadedTaskDispatcher with 12 workers.
[PhysX] Initialized MultithreadedTaskDispatcher with 12 workers.
[PhysX] Initialized MultithreadedTaskDispatcher with 12 workers.
[PhysX] Initialized MultithreadedTaskDispatcher with 12 workers.
[PhysX] Initialized MultithreadedTaskDispatcher with 12 workers.
[PhysX] Initialized MultithreadedTaskDispatcher with 12 workers.
[PhysX] Initialized MultithreadedTaskDispatcher with 12 workers.
[PhysX] Initialized MultithreadedTaskDispatcher with 12 workers.
[PhysX] Initialized MultithreadedTaskDispatcher with 12 workers.
[PhysX] Initialized MultithreadedTaskDispatcher with 12 workers.
[PhysX] Initialized MultithreadedTaskDispatcher with 12 workers.
[PhysX] Initialized MultithreadedTaskDispatcher with 12 workers.
[PhysX] Initialized MultithreadedTaskDispatcher with 12 workers.
[PhysX] Initialized MultithreadedTaskDispatcher with 12 workers.
[PhysX] Initialized MultithreadedTaskDispatcher with 12 workers.
[PhysX] Initialized MultithreadedTaskDispatcher with 12 workers.
[PhysX] Initialized MultithreadedTaskDispatcher with 12 workers.
[PhysX] Initialized MultithreadedTaskDispatcher with 12 workers.
[PhysX] Initialized MultithreadedTaskDispatcher with 12 workers.
[PhysX] Initialized MultithreadedTaskDispatcher with 12 workers.
[PhysX] Initialized MultithreadedTaskDispatcher with 12 workers.
[PhysX] Initialized MultithreadedTaskDispatcher with 12 workers.
 -> (artifact id: 'bd2b6574dc6f6b884c6409039a9285ba') in 0.361389 seconds
Number of updated asset objects reloaded before import = 0
Number of asset objects unloaded after import = 52
========================================================================
Received Import Request.
  Time since last request: 157.498125 seconds.
  path: Assets/Models/LeafWall/Bark01_SHD.mat
  artifactKey: Guid(7bbbe45e039a77c4ea0a327c9e13acf8) Importer(815301076,1909f56bfc062723c751e8b465ee728b)
Start importing Assets/Models/LeafWall/Bark01_SHD.mat using Guid(7bbbe45e039a77c4ea0a327c9e13acf8) Importer(815301076,1909f56bfc062723c751e8b465ee728b) [PhysX] Initialized MultithreadedTaskDispatcher with 12 workers.
[PhysX] Initialized MultithreadedTaskDispatcher with 12 workers.
 -> (artifact id: '067f614728843ad05d265cad150b9bec') in 0.027697 seconds
Number of updated asset objects reloaded before import = 0
Number of asset objects unloaded after import = 1
========================================================================
Received Import Request.
  Time since last request: 83.533235 seconds.
  path: Assets/Models/LeafWall/Branch01_SHD.mat
  artifactKey: Guid(c66872870d6e5854bbe95382590f5afb) Importer(815301076,1909f56bfc062723c751e8b465ee728b)
Start importing Assets/Models/LeafWall/Branch01_SHD.mat using Guid(c66872870d6e5854bbe95382590f5afb) Importer(815301076,1909f56bfc062723c751e8b465ee728b) [PhysX] Initialized MultithreadedTaskDispatcher with 12 workers.
[PhysX] Initialized MultithreadedTaskDispatcher with 12 workers.
 -> (artifact id: 'd5196d7e1b4272849e18548f0175385f') in 0.027861 seconds
Number of updated asset objects reloaded before import = 0
Number of asset objects unloaded after import = 1
========================================================================
Received Import Request.
  Time since last request: 19.614138 seconds.
  path: Assets/Models/LeafWall/Clay01_SHD.mat
  artifactKey: Guid(a4d56cb33aaafc34c8e30901e20eaa96) Importer(815301076,1909f56bfc062723c751e8b465ee728b)
Start importing Assets/Models/LeafWall/Clay01_SHD.mat using Guid(a4d56cb33aaafc34c8e30901e20eaa96) Importer(815301076,1909f56bfc062723c751e8b465ee728b) [PhysX] Initialized MultithreadedTaskDispatcher with 12 workers.
[PhysX] Initialized MultithreadedTaskDispatcher with 12 workers.
 -> (artifact id: 'cfe413760a315f9ee9d66924f1752734') in 0.026847 seconds
Number of updated asset objects reloaded before import = 0
Number of asset objects unloaded after import = 1
========================================================================
Received Import Request.
  Time since last request: 20.671487 seconds.
  path: Assets/Models/LeafWall/Flower01_SHD.mat
  artifactKey: Guid(ded6bdcefcbd23f48a4efa9d082bc59e) Importer(815301076,1909f56bfc062723c751e8b465ee728b)
Start importing Assets/Models/LeafWall/Flower01_SHD.mat using Guid(ded6bdcefcbd23f48a4efa9d082bc59e) Importer(815301076,1909f56bfc062723c751e8b465ee728b) [PhysX] Initialized MultithreadedTaskDispatcher with 12 workers.
[PhysX] Initialized MultithreadedTaskDispatcher with 12 workers.
 -> (artifact id: '95b1c798a21328bfc37e21a71baa2a40') in 0.028718 seconds
Number of updated asset objects reloaded before import = 0
Number of asset objects unloaded after import = 1
========================================================================
Received Import Request.
  Time since last request: 21.739059 seconds.
  path: Assets/Models/LeafWall/Flower2.mat
  artifactKey: Guid(be03c1a4100f2ed4e9b7ce0f4969355c) Importer(815301076,1909f56bfc062723c751e8b465ee728b)
Start importing Assets/Models/LeafWall/Flower2.mat using Guid(be03c1a4100f2ed4e9b7ce0f4969355c) Importer(815301076,1909f56bfc062723c751e8b465ee728b) [PhysX] Initialized MultithreadedTaskDispatcher with 12 workers.
[PhysX] Initialized MultithreadedTaskDispatcher with 12 workers.
 -> (artifact id: 'b1e47c4db7d5614c401413243c018285') in 0.025080 seconds
Number of updated asset objects reloaded before import = 0
Number of asset objects unloaded after import = 1
========================================================================
Received Import Request.
  Time since last request: 12.146577 seconds.
  path: Assets/Models/LeafWall/Flower2_su_SHD.mat
  artifactKey: Guid(be03c1a4100f2ed4e9b7ce0f4969355c) Importer(815301076,1909f56bfc062723c751e8b465ee728b)
Start importing Assets/Models/LeafWall/Flower2_su_SHD.mat using Guid(be03c1a4100f2ed4e9b7ce0f4969355c) Importer(815301076,1909f56bfc062723c751e8b465ee728b) [PhysX] Initialized MultithreadedTaskDispatcher with 12 workers.
[PhysX] Initialized MultithreadedTaskDispatcher with 12 workers.
 -> (artifact id: 'e7db00406958cfc2b77e1250f13cec94') in 0.024818 seconds
Number of updated asset objects reloaded before import = 0
Number of asset objects unloaded after import = 1
========================================================================
Received Import Request.
  Time since last request: 23.819408 seconds.
  path: Assets/Models/LeafWall/Leaf01_su_SHD.mat
  artifactKey: Guid(dfe81d15a33edc245ac51d91f3931f2f) Importer(815301076,1909f56bfc062723c751e8b465ee728b)
Start importing Assets/Models/LeafWall/Leaf01_su_SHD.mat using Guid(dfe81d15a33edc245ac51d91f3931f2f) Importer(815301076,1909f56bfc062723c751e8b465ee728b) [PhysX] Initialized MultithreadedTaskDispatcher with 12 workers.
[PhysX] Initialized MultithreadedTaskDispatcher with 12 workers.
 -> (artifact id: '4719c35c8021e87abacdf5b6c831cd6f') in 0.027664 seconds
Number of updated asset objects reloaded before import = 0
Number of asset objects unloaded after import = 1
========================================================================
Received Import Request.
  Time since last request: 14.271961 seconds.
  path: Assets/Models/LeafWall/Solid01_SHD.mat
  artifactKey: Guid(4f1ba7f461975364ba10dd1efdfe2bf3) Importer(815301076,1909f56bfc062723c751e8b465ee728b)
Start importing Assets/Models/LeafWall/Solid01_SHD.mat using Guid(4f1ba7f461975364ba10dd1efdfe2bf3) Importer(815301076,1909f56bfc062723c751e8b465ee728b) [PhysX] Initialized MultithreadedTaskDispatcher with 12 workers.
[PhysX] Initialized MultithreadedTaskDispatcher with 12 workers.
 -> (artifact id: '13770f588b653bb7f645f6e8fd04a9f2') in 0.025025 seconds
Number of updated asset objects reloaded before import = 0
Number of asset objects unloaded after import = 1
========================================================================
Received Import Request.
  Time since last request: 12.395426 seconds.
  path: Assets/Models/LeafWall/Materials
  artifactKey: Guid(ed2b8bf7a931f0845a91a7178177fa70) Importer(815301076,1909f56bfc062723c751e8b465ee728b)
Start importing Assets/Models/LeafWall/Materials using Guid(ed2b8bf7a931f0845a91a7178177fa70) Importer(815301076,1909f56bfc062723c751e8b465ee728b) [PhysX] Initialized MultithreadedTaskDispatcher with 12 workers.
 -> (artifact id: '1d56c42100378d5dbfdf37a64ebf24f1') in 0.001312 seconds
Number of updated asset objects reloaded before import = 0
Number of asset objects unloaded after import = 0
========================================================================
Received Import Request.
  Time since last request: 26.264307 seconds.
  path: Assets/Models/LeafWall/Materials/AS09_Bark01_dif_su.png
  artifactKey: Guid(ec6f35eb24d484644a187f3297f83ae9) Importer(815301076,1909f56bfc062723c751e8b465ee728b)
Start importing Assets/Models/LeafWall/Materials/AS09_Bark01_dif_su.png using Guid(ec6f35eb24d484644a187f3297f83ae9) Importer(815301076,1909f56bfc062723c751e8b465ee728b) [PhysX] Initialized MultithreadedTaskDispatcher with 12 workers.
[PhysX] Initialized MultithreadedTaskDispatcher with 12 workers.
 -> (artifact id: 'ba03c2d2d0c655788466abbde1469316') in 0.048414 seconds
Number of updated asset objects reloaded before import = 0
Number of asset objects unloaded after import = 2
========================================================================
Received Import Request.
  Time since last request: 0.000021 seconds.
  path: Assets/Models/LeafWall/Materials/AS09_Leaf02_nml_su.png
  artifactKey: Guid(bbec8c7976b4b88409c6a5992c2ee033) Importer(815301076,1909f56bfc062723c751e8b465ee728b)
Start importing Assets/Models/LeafWall/Materials/AS09_Leaf02_nml_su.png using Guid(bbec8c7976b4b88409c6a5992c2ee033) Importer(815301076,1909f56bfc062723c751e8b465ee728b) [PhysX] Initialized MultithreadedTaskDispatcher with 12 workers.
[PhysX] Initialized MultithreadedTaskDispatcher with 12 workers.
 -> (artifact id: '7ad93b3492177d23713d058a2ae99346') in 0.021315 seconds
Number of updated asset objects reloaded before import = 0
Number of asset objects unloaded after import = 2
========================================================================
Received Import Request.
  Time since last request: 0.000128 seconds.
  path: Assets/Models/LeafWall/Materials/AS09_Leaf04_trp_su.png
  artifactKey: Guid(6d60ee3c63ba97b428a6e949947e8405) Importer(815301076,1909f56bfc062723c751e8b465ee728b)
Start importing Assets/Models/LeafWall/Materials/AS09_Leaf04_trp_su.png using Guid(6d60ee3c63ba97b428a6e949947e8405) Importer(815301076,1909f56bfc062723c751e8b465ee728b) [PhysX] Initialized MultithreadedTaskDispatcher with 12 workers.
[PhysX] Initialized MultithreadedTaskDispatcher with 12 workers.
 -> (artifact id: '27f9b26bc5a5fb72a0d0d5b44597c736') in 0.017903 seconds
Number of updated asset objects reloaded before import = 0
Number of asset objects unloaded after import = 2
========================================================================
Received Import Request.
  Time since last request: 0.000135 seconds.
  path: Assets/Models/LeafWall/Materials/AS09_Leaf02_alp_su.png
  artifactKey: Guid(868f7449ce7cbd1479efbdc58e646740) Importer(815301076,1909f56bfc062723c751e8b465ee728b)
Start importing Assets/Models/LeafWall/Materials/AS09_Leaf02_alp_su.png using Guid(868f7449ce7cbd1479efbdc58e646740) Importer(815301076,1909f56bfc062723c751e8b465ee728b) [PhysX] Initialized MultithreadedTaskDispatcher with 12 workers.
[PhysX] Initialized MultithreadedTaskDispatcher with 12 workers.
 -> (artifact id: '1760eb336766c613833a22843fe81b64') in 0.022452 seconds
Number of updated asset objects reloaded before import = 0
Number of asset objects unloaded after import = 2
========================================================================
Received Import Request.
  Time since last request: 0.000182 seconds.
  path: Assets/Models/LeafWall/Materials/AS09_Leaf04Front_dif_su.png
  artifactKey: Guid(54f05a2e23d38f044b4e68ed9e2f0f75) Importer(815301076,1909f56bfc062723c751e8b465ee728b)
Start importing Assets/Models/LeafWall/Materials/AS09_Leaf04Front_dif_su.png using Guid(54f05a2e23d38f044b4e68ed9e2f0f75) Importer(815301076,1909f56bfc062723c751e8b465ee728b) [PhysX] Initialized MultithreadedTaskDispatcher with 12 workers.
[PhysX] Initialized MultithreadedTaskDispatcher with 12 workers.
 -> (artifact id: 'f97a49364d9aaeb1528294b04b2add0c') in 0.025483 seconds
Number of updated asset objects reloaded before import = 0
Number of asset objects unloaded after import = 2
========================================================================
Received Import Request.
  Time since last request: 0.000043 seconds.
  path: Assets/Models/LeafWall/Materials/AS09_Leaf02_gls_su.png
  artifactKey: Guid(58692d1e6c27c544ba279d7245d74e36) Importer(815301076,1909f56bfc062723c751e8b465ee728b)
Start importing Assets/Models/LeafWall/Materials/AS09_Leaf02_gls_su.png using Guid(58692d1e6c27c544ba279d7245d74e36) Importer(815301076,1909f56bfc062723c751e8b465ee728b) [PhysX] Initialized MultithreadedTaskDispatcher with 12 workers.
[PhysX] Initialized MultithreadedTaskDispatcher with 12 workers.
 -> (artifact id: 'f8f6ff13887b8721b5c8bb279a860212') in 0.022307 seconds
Number of updated asset objects reloaded before import = 0
Number of asset objects unloaded after import = 2
========================================================================
Received Import Request.
  Time since last request: 0.000123 seconds.
  path: Assets/Models/LeafWall/Materials/AS09_Flower02_nml_su.png
  artifactKey: Guid(18ff8db13fe84124ab73e580c34ca184) Importer(815301076,1909f56bfc062723c751e8b465ee728b)
Start importing Assets/Models/LeafWall/Materials/AS09_Flower02_nml_su.png using Guid(18ff8db13fe84124ab73e580c34ca184) Importer(815301076,1909f56bfc062723c751e8b465ee728b) [PhysX] Initialized MultithreadedTaskDispatcher with 12 workers.
[PhysX] Initialized MultithreadedTaskDispatcher with 12 workers.
 -> (artifact id: '3d6227d3a70a96fcf0267a02bb6dae7d') in 0.025032 seconds
Number of updated asset objects reloaded before import = 0
Number of asset objects unloaded after import = 2
========================================================================
Received Import Request.
  Time since last request: 0.000024 seconds.
  path: Assets/Models/LeafWall/Materials/AS09_Leaf05_nml_su.png
  artifactKey: Guid(0d5eaad74b0c11d479edd3e83822eec6) Importer(815301076,1909f56bfc062723c751e8b465ee728b)
Start importing Assets/Models/LeafWall/Materials/AS09_Leaf05_nml_su.png using Guid(0d5eaad74b0c11d479edd3e83822eec6) Importer(815301076,1909f56bfc062723c751e8b465ee728b) [PhysX] Initialized MultithreadedTaskDispatcher with 12 workers.
[PhysX] Initialized MultithreadedTaskDispatcher with 12 workers.
 -> (artifact id: '3f03798e1f9f0727a9696c1694aa9c06') in 0.023597 seconds
Number of updated asset objects reloaded before import = 0
Number of asset objects unloaded after import = 2
========================================================================
Received Import Request.
  Time since last request: 0.000028 seconds.
  path: Assets/Models/LeafWall/Materials/AS09_Leaf04Back_dif_su.png
  artifactKey: Guid(dd98ac8d898fe3343a50c518a99249fe) Importer(815301076,1909f56bfc062723c751e8b465ee728b)
Start importing Assets/Models/LeafWall/Materials/AS09_Leaf04Back_dif_su.png using Guid(dd98ac8d898fe3343a50c518a99249fe) Importer(815301076,1909f56bfc062723c751e8b465ee728b) [PhysX] Initialized MultithreadedTaskDispatcher with 12 workers.
[PhysX] Initialized MultithreadedTaskDispatcher with 12 workers.
 -> (artifact id: '49fa5622e734456d2ac8e69b0fd3184a') in 0.019737 seconds
Number of updated asset objects reloaded before import = 0
Number of asset objects unloaded after import = 2
========================================================================
Received Import Request.
  Time since last request: 0.000209 seconds.
  path: Assets/Models/LeafWall/Materials/AS09_Flower01_gls_su.png
  artifactKey: Guid(63817125f4b00114b8dad0824b5da292) Importer(815301076,1909f56bfc062723c751e8b465ee728b)
Start importing Assets/Models/LeafWall/Materials/AS09_Flower01_gls_su.png using Guid(63817125f4b00114b8dad0824b5da292) Importer(815301076,1909f56bfc062723c751e8b465ee728b) [PhysX] Initialized MultithreadedTaskDispatcher with 12 workers.
[PhysX] Initialized MultithreadedTaskDispatcher with 12 workers.
 -> (artifact id: '068622190392ac1786561b07dac39d55') in 0.025490 seconds
Number of updated asset objects reloaded before import = 0
Number of asset objects unloaded after import = 2
========================================================================
Received Import Request.
  Time since last request: 0.000023 seconds.
  path: Assets/Models/LeafWall/Materials/AS09_Leaf06_trp_su.png
  artifactKey: Guid(880d128014c8abe4a98b989e0209ce20) Importer(815301076,1909f56bfc062723c751e8b465ee728b)
Start importing Assets/Models/LeafWall/Materials/AS09_Leaf06_trp_su.png using Guid(880d128014c8abe4a98b989e0209ce20) Importer(815301076,1909f56bfc062723c751e8b465ee728b) [PhysX] Initialized MultithreadedTaskDispatcher with 12 workers.
[PhysX] Initialized MultithreadedTaskDispatcher with 12 workers.
 -> (artifact id: 'f8147ea64b96b5e512b82e4b141a1345') in 0.019670 seconds
Number of updated asset objects reloaded before import = 0
Number of asset objects unloaded after import = 2
========================================================================
Received Import Request.
  Time since last request: 0.000104 seconds.
  path: Assets/Models/LeafWall/Materials/AS09_Branch01_dif_su.png
  artifactKey: Guid(fe6dc7ee433f092438f8342fbb3ae107) Importer(815301076,1909f56bfc062723c751e8b465ee728b)
Start importing Assets/Models/LeafWall/Materials/AS09_Branch01_dif_su.png using Guid(fe6dc7ee433f092438f8342fbb3ae107) Importer(815301076,1909f56bfc062723c751e8b465ee728b) [PhysX] Initialized MultithreadedTaskDispatcher with 12 workers.
[PhysX] Initialized MultithreadedTaskDispatcher with 12 workers.
 -> (artifact id: '39a909ce55e42d6260cf8c4d199c5fbf') in 0.023329 seconds
Number of updated asset objects reloaded before import = 0
Number of asset objects unloaded after import = 2
========================================================================
Received Import Request.
  Time since last request: 0.000035 seconds.
  path: Assets/Models/LeafWall/Materials/AS09_Leaf05Front_dif_su.png
  artifactKey: Guid(fb8622381734160428b5f963734355f7) Importer(815301076,1909f56bfc062723c751e8b465ee728b)
Start importing Assets/Models/LeafWall/Materials/AS09_Leaf05Front_dif_su.png using Guid(fb8622381734160428b5f963734355f7) Importer(815301076,1909f56bfc062723c751e8b465ee728b) [PhysX] Initialized MultithreadedTaskDispatcher with 12 workers.
[PhysX] Initialized MultithreadedTaskDispatcher with 12 workers.
 -> (artifact id: '7368821d4d5a0947a4e9958ec4984551') in 0.023668 seconds
Number of updated asset objects reloaded before import = 0
Number of asset objects unloaded after import = 2
========================================================================
Received Import Request.
  Time since last request: 0.000027 seconds.
  path: Assets/Models/LeafWall/Materials/AS09_Flower01_trp_su.png
  artifactKey: Guid(d64ebaa6d92b44049a83f0abc49aef61) Importer(815301076,1909f56bfc062723c751e8b465ee728b)
Start importing Assets/Models/LeafWall/Materials/AS09_Flower01_trp_su.png using Guid(d64ebaa6d92b44049a83f0abc49aef61) Importer(815301076,1909f56bfc062723c751e8b465ee728b) [PhysX] Initialized MultithreadedTaskDispatcher with 12 workers.
[PhysX] Initialized MultithreadedTaskDispatcher with 12 workers.
 -> (artifact id: 'd13193510788a2f87563241d8d924288') in 0.021240 seconds
Number of updated asset objects reloaded before import = 0
Number of asset objects unloaded after import = 2
========================================================================
Received Import Request.
  Time since last request: 0.000021 seconds.
  path: Assets/Models/LeafWall/Materials/AS09_Leaf07_alp_su.png
  artifactKey: Guid(14823b65cf558bf459d81635caa91509) Importer(815301076,1909f56bfc062723c751e8b465ee728b)
Start importing Assets/Models/LeafWall/Materials/AS09_Leaf07_alp_su.png using Guid(14823b65cf558bf459d81635caa91509) Importer(815301076,1909f56bfc062723c751e8b465ee728b) [PhysX] Initialized MultithreadedTaskDispatcher with 12 workers.
[PhysX] Initialized MultithreadedTaskDispatcher with 12 workers.
 -> (artifact id: '65f09d48583a7f68ac99bf2dd471679d') in 0.021887 seconds
Number of updated asset objects reloaded before import = 0
Number of asset objects unloaded after import = 2
========================================================================
Received Import Request.
  Time since last request: 0.000060 seconds.
  path: Assets/Models/LeafWall/Materials/AS09_Leaf05_trp_su.png
  artifactKey: Guid(6352fcf890c58074d95fdc7857a633eb) Importer(815301076,1909f56bfc062723c751e8b465ee728b)
Start importing Assets/Models/LeafWall/Materials/AS09_Leaf05_trp_su.png using Guid(6352fcf890c58074d95fdc7857a633eb) Importer(815301076,1909f56bfc062723c751e8b465ee728b) [PhysX] Initialized MultithreadedTaskDispatcher with 12 workers.
[PhysX] Initialized MultithreadedTaskDispatcher with 12 workers.
 -> (artifact id: '464b9886b32720527cc85962a03539cd') in 0.027433 seconds
Number of updated asset objects reloaded before import = 0
Number of asset objects unloaded after import = 2
========================================================================
Received Import Request.
  Time since last request: 0.000032 seconds.
  path: Assets/Models/LeafWall/Materials/AS09_Flower02_alp_su.png
  artifactKey: Guid(1bac2bd4ef020e544ba0de14a0429a16) Importer(815301076,1909f56bfc062723c751e8b465ee728b)
Start importing Assets/Models/LeafWall/Materials/AS09_Flower02_alp_su.png using Guid(1bac2bd4ef020e544ba0de14a0429a16) Importer(815301076,1909f56bfc062723c751e8b465ee728b) [PhysX] Initialized MultithreadedTaskDispatcher with 12 workers.
[PhysX] Initialized MultithreadedTaskDispatcher with 12 workers.
 -> (artifact id: '83bb00fdbf0c5015bca28443a53b0e1c') in 0.019893 seconds
Number of updated asset objects reloaded before import = 0
Number of asset objects unloaded after import = 2
========================================================================
Received Import Request.
  Time since last request: 0.000021 seconds.
  path: Assets/Models/LeafWall/Materials/AS09_Leaf03Front_dif_su.png
  artifactKey: Guid(53bf84aed351e0547bdffd1a242634ec) Importer(815301076,1909f56bfc062723c751e8b465ee728b)
Start importing Assets/Models/LeafWall/Materials/AS09_Leaf03Front_dif_su.png using Guid(53bf84aed351e0547bdffd1a242634ec) Importer(815301076,1909f56bfc062723c751e8b465ee728b) [PhysX] Initialized MultithreadedTaskDispatcher with 12 workers.
[PhysX] Initialized MultithreadedTaskDispatcher with 12 workers.
 -> (artifact id: '04b0516d3f6a2ba4122e22335171582e') in 0.020894 seconds
Number of updated asset objects reloaded before import = 0
Number of asset objects unloaded after import = 2
========================================================================
Received Import Request.
  Time since last request: 0.000119 seconds.
  path: Assets/Models/LeafWall/Materials/AS09_Branch01_nml_su.png
  artifactKey: Guid(4f74746c67d03c54fa284b5fb0be6c53) Importer(815301076,1909f56bfc062723c751e8b465ee728b)
Start importing Assets/Models/LeafWall/Materials/AS09_Branch01_nml_su.png using Guid(4f74746c67d03c54fa284b5fb0be6c53) Importer(815301076,1909f56bfc062723c751e8b465ee728b) [PhysX] Initialized MultithreadedTaskDispatcher with 12 workers.
[PhysX] Initialized MultithreadedTaskDispatcher with 12 workers.
 -> (artifact id: '5cfa769c6a36057f5fc66a5ee10746d7') in 0.025365 seconds
Number of updated asset objects reloaded before import = 0
Number of asset objects unloaded after import = 2
========================================================================
Received Import Request.
  Time since last request: 0.000028 seconds.
  path: Assets/Models/LeafWall/Materials/AS09_Leaf06_gls_su.png
  artifactKey: Guid(3d161afa5074cf54c9bcc01ffa907615) Importer(815301076,1909f56bfc062723c751e8b465ee728b)
Start importing Assets/Models/LeafWall/Materials/AS09_Leaf06_gls_su.png using Guid(3d161afa5074cf54c9bcc01ffa907615) Importer(815301076,1909f56bfc062723c751e8b465ee728b) [PhysX] Initialized MultithreadedTaskDispatcher with 12 workers.
[PhysX] Initialized MultithreadedTaskDispatcher with 12 workers.
 -> (artifact id: '8e11273dbc38322afdfa03d28913b400') in 0.022705 seconds
Number of updated asset objects reloaded before import = 0
Number of asset objects unloaded after import = 2
========================================================================
Received Import Request.
  Time since last request: 0.000040 seconds.
  path: Assets/Models/LeafWall/Materials/AS09_Leaf06Back_dif_su.png
  artifactKey: Guid(f8e343be57d2ea14383c1a2d7b29d4b5) Importer(815301076,1909f56bfc062723c751e8b465ee728b)
Start importing Assets/Models/LeafWall/Materials/AS09_Leaf06Back_dif_su.png using Guid(f8e343be57d2ea14383c1a2d7b29d4b5) Importer(815301076,1909f56bfc062723c751e8b465ee728b) [PhysX] Initialized MultithreadedTaskDispatcher with 12 workers.
[PhysX] Initialized MultithreadedTaskDispatcher with 12 workers.
 -> (artifact id: '2aa339034ab4c332922ebfd3d26cdace') in 0.022211 seconds
Number of updated asset objects reloaded before import = 0
Number of asset objects unloaded after import = 2
========================================================================
Received Import Request.
  Time since last request: 0.000017 seconds.
  path: Assets/Models/LeafWall/Materials/AS09_Leaf04_alp_su.png
  artifactKey: Guid(22b3f4a96b98131478f3809b783cc3f9) Importer(815301076,1909f56bfc062723c751e8b465ee728b)
Start importing Assets/Models/LeafWall/Materials/AS09_Leaf04_alp_su.png using Guid(22b3f4a96b98131478f3809b783cc3f9) Importer(815301076,1909f56bfc062723c751e8b465ee728b) [PhysX] Initialized MultithreadedTaskDispatcher with 12 workers.
[PhysX] Initialized MultithreadedTaskDispatcher with 12 workers.
 -> (artifact id: 'a90779e6d08c17982d2cf6bc13460c48') in 0.022828 seconds
Number of updated asset objects reloaded before import = 0
Number of asset objects unloaded after import = 2
========================================================================
Received Import Request.
  Time since last request: 0.000020 seconds.
  path: Assets/Models/LeafWall/Materials/AS09_Flower01_nml_su.png
  artifactKey: Guid(ee746ce6d3d07374cacee42d5f32d43e) Importer(815301076,1909f56bfc062723c751e8b465ee728b)
Start importing Assets/Models/LeafWall/Materials/AS09_Flower01_nml_su.png using Guid(ee746ce6d3d07374cacee42d5f32d43e) Importer(815301076,1909f56bfc062723c751e8b465ee728b) [PhysX] Initialized MultithreadedTaskDispatcher with 12 workers.
[PhysX] Initialized MultithreadedTaskDispatcher with 12 workers.
 -> (artifact id: '47f7a3d4d7b2c2cd95beaa52c73b7848') in 0.021696 seconds
Number of updated asset objects reloaded before import = 0
Number of asset objects unloaded after import = 2
========================================================================
Received Import Request.
  Time since last request: 0.000018 seconds.
  path: Assets/Models/LeafWall/Materials/AS09_Flower01_alp_su.png
  artifactKey: Guid(6c639a3f38bebf349be4ddeee495670c) Importer(815301076,1909f56bfc062723c751e8b465ee728b)
Start importing Assets/Models/LeafWall/Materials/AS09_Flower01_alp_su.png using Guid(6c639a3f38bebf349be4ddeee495670c) Importer(815301076,1909f56bfc062723c751e8b465ee728b) [PhysX] Initialized MultithreadedTaskDispatcher with 12 workers.
[PhysX] Initialized MultithreadedTaskDispatcher with 12 workers.
 -> (artifact id: '76abc8f54ba36fb81a421b860f657a85') in 0.028158 seconds
Number of updated asset objects reloaded before import = 0
Number of asset objects unloaded after import = 2
========================================================================
Received Import Request.
  Time since last request: 0.000023 seconds.
  path: Assets/Models/LeafWall/Materials/AS09_Leaf05Back_dif_su.png
  artifactKey: Guid(90c941450a75f0d4eafff3bf8ca1db26) Importer(815301076,1909f56bfc062723c751e8b465ee728b)
Start importing Assets/Models/LeafWall/Materials/AS09_Leaf05Back_dif_su.png using Guid(90c941450a75f0d4eafff3bf8ca1db26) Importer(815301076,1909f56bfc062723c751e8b465ee728b) [PhysX] Initialized MultithreadedTaskDispatcher with 12 workers.
[PhysX] Initialized MultithreadedTaskDispatcher with 12 workers.
 -> (artifact id: 'd1c12d81b2c80d81d2fc85373eb387d2') in 0.029476 seconds
Number of updated asset objects reloaded before import = 0
Number of asset objects unloaded after import = 2
========================================================================
Received Import Request.
  Time since last request: 0.000034 seconds.
  path: Assets/Models/LeafWall/Materials/AS09_Leaf02_trp_su.png
  artifactKey: Guid(a383a7ff3c892874e97310e956ce5a63) Importer(815301076,1909f56bfc062723c751e8b465ee728b)
Start importing Assets/Models/LeafWall/Materials/AS09_Leaf02_trp_su.png using Guid(a383a7ff3c892874e97310e956ce5a63) Importer(815301076,1909f56bfc062723c751e8b465ee728b) [PhysX] Initialized MultithreadedTaskDispatcher with 12 workers.
[PhysX] Initialized MultithreadedTaskDispatcher with 12 workers.
 -> (artifact id: '819be418594a93f36bf83e099452caa1') in 0.021994 seconds
Number of updated asset objects reloaded before import = 0
Number of asset objects unloaded after import = 2
========================================================================
Received Import Request.
  Time since last request: 0.000082 seconds.
  path: Assets/Models/LeafWall/Materials/AS09_Branch01_gls_su.png
  artifactKey: Guid(7cdb6a21f7f54c341adfdc5f58afc4b9) Importer(815301076,1909f56bfc062723c751e8b465ee728b)
Start importing Assets/Models/LeafWall/Materials/AS09_Branch01_gls_su.png using Guid(7cdb6a21f7f54c341adfdc5f58afc4b9) Importer(815301076,1909f56bfc062723c751e8b465ee728b) [PhysX] Initialized MultithreadedTaskDispatcher with 12 workers.
[PhysX] Initialized MultithreadedTaskDispatcher with 12 workers.
 -> (artifact id: '79db53f268f0ad43cbecb16cfeb74aea') in 0.021205 seconds
Number of updated asset objects reloaded before import = 0
Number of asset objects unloaded after import = 2
========================================================================
Received Import Request.
  Time since last request: 0.000035 seconds.
  path: Assets/Models/LeafWall/Materials/AS09_Bark01_nml_su.png
  artifactKey: Guid(c2d06e614781c824c9d25ff73c4edd7c) Importer(815301076,1909f56bfc062723c751e8b465ee728b)
Start importing Assets/Models/LeafWall/Materials/AS09_Bark01_nml_su.png using Guid(c2d06e614781c824c9d25ff73c4edd7c) Importer(815301076,1909f56bfc062723c751e8b465ee728b) [PhysX] Initialized MultithreadedTaskDispatcher with 12 workers.
[PhysX] Initialized MultithreadedTaskDispatcher with 12 workers.
 -> (artifact id: '95f2f7a2e32821e25225b55edec344dd') in 0.026507 seconds
Number of updated asset objects reloaded before import = 0
Number of asset objects unloaded after import = 2
========================================================================
Received Import Request.
  Time since last request: 0.000023 seconds.
  path: Assets/Models/LeafWall/Materials/AS09_Flower02_trp_su.png
  artifactKey: Guid(0f788cd0b2e23ae4fbf1a8beaf2b8c7b) Importer(815301076,1909f56bfc062723c751e8b465ee728b)
Start importing Assets/Models/LeafWall/Materials/AS09_Flower02_trp_su.png using Guid(0f788cd0b2e23ae4fbf1a8beaf2b8c7b) Importer(815301076,1909f56bfc062723c751e8b465ee728b) [PhysX] Initialized MultithreadedTaskDispatcher with 12 workers.
[PhysX] Initialized MultithreadedTaskDispatcher with 12 workers.
 -> (artifact id: 'b883aafb74b819366bd660b21b753256') in 0.024961 seconds
Number of updated asset objects reloaded before import = 0
Number of asset objects unloaded after import = 2
========================================================================
Received Import Request.
  Time since last request: 0.000032 seconds.
  path: Assets/Models/LeafWall/Materials/AS09_Leaf03_gls_su.png
  artifactKey: Guid(99f15d69cfb6d2248a9cc587552577f7) Importer(815301076,1909f56bfc062723c751e8b465ee728b)
Start importing Assets/Models/LeafWall/Materials/AS09_Leaf03_gls_su.png using Guid(99f15d69cfb6d2248a9cc587552577f7) Importer(815301076,1909f56bfc062723c751e8b465ee728b) [PhysX] Initialized MultithreadedTaskDispatcher with 12 workers.
[PhysX] Initialized MultithreadedTaskDispatcher with 12 workers.
 -> (artifact id: 'ed0274142f8b5e5c93a4f4016f24d978') in 0.021711 seconds
Number of updated asset objects reloaded before import = 0
Number of asset objects unloaded after import = 2
========================================================================
Received Import Request.
  Time since last request: 0.000045 seconds.
  path: Assets/Models/LeafWall/Materials/AS09_Leaf01_alp_su.png
  artifactKey: Guid(a512ecc6cc174e847b5197effd99dde5) Importer(815301076,1909f56bfc062723c751e8b465ee728b)
Start importing Assets/Models/LeafWall/Materials/AS09_Leaf01_alp_su.png using Guid(a512ecc6cc174e847b5197effd99dde5) Importer(815301076,1909f56bfc062723c751e8b465ee728b) [PhysX] Initialized MultithreadedTaskDispatcher with 12 workers.
[PhysX] Initialized MultithreadedTaskDispatcher with 12 workers.
 -> (artifact id: '986b1523ce6f08280cdacc4520a2611a') in 0.022056 seconds
Number of updated asset objects reloaded before import = 0
Number of asset objects unloaded after import = 2
========================================================================
Received Import Request.
  Time since last request: 0.000018 seconds.
  path: Assets/Models/LeafWall/Materials/AS09_Leaf01_nml_su.png
  artifactKey: Guid(e8182fb8c252c0944b02a32710c1da29) Importer(815301076,1909f56bfc062723c751e8b465ee728b)
Start importing Assets/Models/LeafWall/Materials/AS09_Leaf01_nml_su.png using Guid(e8182fb8c252c0944b02a32710c1da29) Importer(815301076,1909f56bfc062723c751e8b465ee728b) [PhysX] Initialized MultithreadedTaskDispatcher with 12 workers.
[PhysX] Initialized MultithreadedTaskDispatcher with 12 workers.
 -> (artifact id: 'b36ba67da3e206be095a0ebcb9a62eb4') in 0.021670 seconds
Number of updated asset objects reloaded before import = 0
Number of asset objects unloaded after import = 2
========================================================================
Received Import Request.
  Time since last request: 2.144039 seconds.
  path: Assets/Models/LeafWall/Materials/AS09_Leaf07Back_dif_su.png
  artifactKey: Guid(d97f657ffed268f41a3a0cbde2ab3003) Importer(815301076,1909f56bfc062723c751e8b465ee728b)
Start importing Assets/Models/LeafWall/Materials/AS09_Leaf07Back_dif_su.png using Guid(d97f657ffed268f41a3a0cbde2ab3003) Importer(815301076,1909f56bfc062723c751e8b465ee728b) [PhysX] Initialized MultithreadedTaskDispatcher with 12 workers.
[PhysX] Initialized MultithreadedTaskDispatcher with 12 workers.
 -> (artifact id: '526d0da8f0801aac4bec5fc7d81db5ba') in 0.027558 seconds
Number of updated asset objects reloaded before import = 0
Number of asset objects unloaded after import = 2
========================================================================
Received Import Request.
  Time since last request: 0.000018 seconds.
  path: Assets/Models/LeafWall/Materials/AS09_Soil01_nml_su.png
  artifactKey: Guid(232eba5a5fa96d14191d3586ead43b8b) Importer(815301076,1909f56bfc062723c751e8b465ee728b)
Start importing Assets/Models/LeafWall/Materials/AS09_Soil01_nml_su.png using Guid(232eba5a5fa96d14191d3586ead43b8b) Importer(815301076,1909f56bfc062723c751e8b465ee728b) [PhysX] Initialized MultithreadedTaskDispatcher with 12 workers.
[PhysX] Initialized MultithreadedTaskDispatcher with 12 workers.
 -> (artifact id: '4841005fd3d7b82d54a1dd954b58b6b8') in 0.021836 seconds
Number of updated asset objects reloaded before import = 0
Number of asset objects unloaded after import = 2
========================================================================
Received Import Request.
  Time since last request: 0.000199 seconds.
  path: Assets/Models/LeafWall/Materials/AS09_Wood01_nml_su.png
  artifactKey: Guid(eed9d246849f62848bd1c6c4e214a2b1) Importer(815301076,1909f56bfc062723c751e8b465ee728b)
Start importing Assets/Models/LeafWall/Materials/AS09_Wood01_nml_su.png using Guid(eed9d246849f62848bd1c6c4e214a2b1) Importer(815301076,1909f56bfc062723c751e8b465ee728b) [PhysX] Initialized MultithreadedTaskDispatcher with 12 workers.
[PhysX] Initialized MultithreadedTaskDispatcher with 12 workers.
 -> (artifact id: '6334780a32d5505228a6086f8222ce16') in 0.020845 seconds
Number of updated asset objects reloaded before import = 0
Number of asset objects unloaded after import = 2
========================================================================
Received Import Request.
  Time since last request: 0.000199 seconds.
  path: Assets/Models/LeafWall/Materials/AS09_Wood01_dif_su.png
  artifactKey: Guid(8e6098a2d0e29ea4a8512fc7a27fe17e) Importer(815301076,1909f56bfc062723c751e8b465ee728b)
Start importing Assets/Models/LeafWall/Materials/AS09_Wood01_dif_su.png using Guid(8e6098a2d0e29ea4a8512fc7a27fe17e) Importer(815301076,1909f56bfc062723c751e8b465ee728b) [PhysX] Initialized MultithreadedTaskDispatcher with 12 workers.
[PhysX] Initialized MultithreadedTaskDispatcher with 12 workers.
 -> (artifact id: '5e9a455d56d5f517e0ce1c1ee081a6f8') in 0.022551 seconds
Number of updated asset objects reloaded before import = 0
Number of asset objects unloaded after import = 2
========================================================================
Received Import Request.
  Time since last request: 282.300346 seconds.
  path: Assets/Models/LeafWall/FBX_AS09_JasminumOfficinale_1.fbx
  artifactKey: Guid(32796625475d6a34eb9baa8b1e560b6b) Importer(815301076,1909f56bfc062723c751e8b465ee728b)
Start importing Assets/Models/LeafWall/FBX_AS09_JasminumOfficinale_1.fbx using Guid(32796625475d6a34eb9baa8b1e560b6b) Importer(815301076,1909f56bfc062723c751e8b465ee728b) [PhysX] Initialized MultithreadedTaskDispatcher with 12 workers.
[PhysX] Initialized MultithreadedTaskDispatcher with 12 workers.
[PhysX] Initialized MultithreadedTaskDispatcher with 12 workers.
[PhysX] Initialized MultithreadedTaskDispatcher with 12 workers.
[PhysX] Initialized MultithreadedTaskDispatcher with 12 workers.
[PhysX] Initialized MultithreadedTaskDispatcher with 12 workers.
[PhysX] Initialized MultithreadedTaskDispatcher with 12 workers.
[PhysX] Initialized MultithreadedTaskDispatcher with 12 workers.
[PhysX] Initialized MultithreadedTaskDispatcher with 12 workers.
[PhysX] Initialized MultithreadedTaskDispatcher with 12 workers.
[PhysX] Initialized MultithreadedTaskDispatcher with 12 workers.
[PhysX] Initialized MultithreadedTaskDispatcher with 12 workers.
[PhysX] Initialized MultithreadedTaskDispatcher with 12 workers.
[PhysX] Initialized MultithreadedTaskDispatcher with 12 workers.
[PhysX] Initialized MultithreadedTaskDispatcher with 12 workers.
[PhysX] Initialized MultithreadedTaskDispatcher with 12 workers.
[PhysX] Initialized MultithreadedTaskDispatcher with 12 workers.
[PhysX] Initialized MultithreadedTaskDispatcher with 12 workers.
[PhysX] Initialized MultithreadedTaskDispatcher with 12 workers.
 -> (artifact id: 'ff2cd14e2feb0257377b08df4f8acad9') in 0.438063 seconds
Number of updated asset objects reloaded before import = 0
Number of asset objects unloaded after import = 54
========================================================================
Received Import Request.
  Time since last request: 3.490205 seconds.
  path: Assets/Models/LeafWall/FBX_AS09_JasminumOfficinale_1.fbx
  artifactKey: Guid(32796625475d6a34eb9baa8b1e560b6b) Importer(815301076,1909f56bfc062723c751e8b465ee728b)
Start importing Assets/Models/LeafWall/FBX_AS09_JasminumOfficinale_1.fbx using Guid(32796625475d6a34eb9baa8b1e560b6b) Importer(815301076,1909f56bfc062723c751e8b465ee728b) [PhysX] Initialized MultithreadedTaskDispatcher with 12 workers.
[PhysX] Initialized MultithreadedTaskDispatcher with 12 workers.
[PhysX] Initialized MultithreadedTaskDispatcher with 12 workers.
[PhysX] Initialized MultithreadedTaskDispatcher with 12 workers.
[PhysX] Initialized MultithreadedTaskDispatcher with 12 workers.
[PhysX] Initialized MultithreadedTaskDispatcher with 12 workers.
[PhysX] Initialized MultithreadedTaskDispatcher with 12 workers.
[PhysX] Initialized MultithreadedTaskDispatcher with 12 workers.
[PhysX] Initialized MultithreadedTaskDispatcher with 12 workers.
[PhysX] Initialized MultithreadedTaskDispatcher with 12 workers.
[PhysX] Initialized MultithreadedTaskDispatcher with 12 workers.
[PhysX] Initialized MultithreadedTaskDispatcher with 12 workers.
[PhysX] Initialized MultithreadedTaskDispatcher with 12 workers.
[PhysX] Initialized MultithreadedTaskDispatcher with 12 workers.
[PhysX] Initialized MultithreadedTaskDispatcher with 12 workers.
[PhysX] Initialized MultithreadedTaskDispatcher with 12 workers.
[PhysX] Initialized MultithreadedTaskDispatcher with 12 workers.
[PhysX] Initialized MultithreadedTaskDispatcher with 12 workers.
[PhysX] Initialized MultithreadedTaskDispatcher with 12 workers.
 -> (artifact id: 'ed3ee7a8b8e792c1b85a068df3c59028') in 0.164775 seconds
Number of updated asset objects reloaded before import = 0
Number of asset objects unloaded after import = 54
========================================================================
Received Import Request.
  Time since last request: 1.864823 seconds.
  path: Assets/Models/LeafWall/Materials/AS09_Wood01_nml_su.png
  artifactKey: Guid(eed9d246849f62848bd1c6c4e214a2b1) Importer(815301076,1909f56bfc062723c751e8b465ee728b)
Start importing Assets/Models/LeafWall/Materials/AS09_Wood01_nml_su.png using Guid(eed9d246849f62848bd1c6c4e214a2b1) Importer(815301076,1909f56bfc062723c751e8b465ee728b) [PhysX] Initialized MultithreadedTaskDispatcher with 12 workers.
[PhysX] Initialized MultithreadedTaskDispatcher with 12 workers.
 -> (artifact id: '1918e2db5b9046b4c7dffd9493142659') in 0.055433 seconds
Number of updated asset objects reloaded before import = 0
Number of asset objects unloaded after import = 2
========================================================================
Received Import Request.
  Time since last request: 6.834795 seconds.
  path: Assets/Models/LeafWall/Materials/Wood.mat
  artifactKey: Guid(0e7eb4ba1673f9146a968b613554da79) Importer(815301076,1909f56bfc062723c751e8b465ee728b)
Start importing Assets/Models/LeafWall/Materials/Wood.mat using Guid(0e7eb4ba1673f9146a968b613554da79) Importer(815301076,1909f56bfc062723c751e8b465ee728b) [PhysX] Initialized MultithreadedTaskDispatcher with 12 workers.
[PhysX] Initialized MultithreadedTaskDispatcher with 12 workers.
 -> (artifact id: '121363493b06bdc7e7b911cfe39749f8') in 0.025795 seconds
Number of updated asset objects reloaded before import = 0
Number of asset objects unloaded after import = 1
========================================================================
Received Import Request.
  Time since last request: 29.238790 seconds.
  path: Assets/Models/LeafWall/FBX_AS09_JasminumOfficinale_1.fbx
  artifactKey: Guid(32796625475d6a34eb9baa8b1e560b6b) Importer(815301076,1909f56bfc062723c751e8b465ee728b)
Start importing Assets/Models/LeafWall/FBX_AS09_JasminumOfficinale_1.fbx using Guid(32796625475d6a34eb9baa8b1e560b6b) Importer(815301076,1909f56bfc062723c751e8b465ee728b) [PhysX] Initialized MultithreadedTaskDispatcher with 12 workers.
[PhysX] Initialized MultithreadedTaskDispatcher with 12 workers.
[PhysX] Initialized MultithreadedTaskDispatcher with 12 workers.
[PhysX] Initialized MultithreadedTaskDispatcher with 12 workers.
[PhysX] Initialized MultithreadedTaskDispatcher with 12 workers.
[PhysX] Initialized MultithreadedTaskDispatcher with 12 workers.
[PhysX] Initialized MultithreadedTaskDispatcher with 12 workers.
[PhysX] Initialized MultithreadedTaskDispatcher with 12 workers.
[PhysX] Initialized MultithreadedTaskDispatcher with 12 workers.
[PhysX] Initialized MultithreadedTaskDispatcher with 12 workers.
[PhysX] Initialized MultithreadedTaskDispatcher with 12 workers.
[PhysX] Initialized MultithreadedTaskDispatcher with 12 workers.
[PhysX] Initialized MultithreadedTaskDispatcher with 12 workers.
[PhysX] Initialized MultithreadedTaskDispatcher with 12 workers.
[PhysX] Initialized MultithreadedTaskDispatcher with 12 workers.
[PhysX] Initialized MultithreadedTaskDispatcher with 12 workers.
[PhysX] Initialized MultithreadedTaskDispatcher with 12 workers.
[PhysX] Initialized MultithreadedTaskDispatcher with 12 workers.
 -> (artifact id: '9864e96ef7236b43d0dd653824dfb74c') in 0.274614 seconds
Number of updated asset objects reloaded before import = 0
Number of asset objects unloaded after import = 55
========================================================================
Received Import Request.
  Time since last request: 17.093420 seconds.
  path: Assets/Models/LeafWall/Materials/AS09_Leaf07_nml_su.png
  artifactKey: Guid(e050a71e6be384f4d9ffc886055dec5a) Importer(815301076,1909f56bfc062723c751e8b465ee728b)
Start importing Assets/Models/LeafWall/Materials/AS09_Leaf07_nml_su.png using Guid(e050a71e6be384f4d9ffc886055dec5a) Importer(815301076,1909f56bfc062723c751e8b465ee728b) [PhysX] Initialized MultithreadedTaskDispatcher with 12 workers.
[PhysX] Initialized MultithreadedTaskDispatcher with 12 workers.
 -> (artifact id: 'a7a6e39f860beac219b8ab53d021c977') in 0.027798 seconds
Number of updated asset objects reloaded before import = 0
Number of asset objects unloaded after import = 2
========================================================================
Received Import Request.
  Time since last request: 1.546527 seconds.
  path: Assets/Models/LeafWall/Materials/AS09_Soil01_nml_su.png
  artifactKey: Guid(232eba5a5fa96d14191d3586ead43b8b) Importer(815301076,1909f56bfc062723c751e8b465ee728b)
Start importing Assets/Models/LeafWall/Materials/AS09_Soil01_nml_su.png using Guid(232eba5a5fa96d14191d3586ead43b8b) Importer(815301076,1909f56bfc062723c751e8b465ee728b) [PhysX] Initialized MultithreadedTaskDispatcher with 12 workers.
[PhysX] Initialized MultithreadedTaskDispatcher with 12 workers.
 -> (artifact id: '11275c95a930a4935d786168ab370f1b') in 0.025537 seconds
Number of updated asset objects reloaded before import = 0
Number of asset objects unloaded after import = 2
========================================================================
Received Import Request.
  Time since last request: 3.528507 seconds.
  path: Assets/Models/LeafWall/Materials/AS09_Bark01_nml_su.png
  artifactKey: Guid(c2d06e614781c824c9d25ff73c4edd7c) Importer(815301076,1909f56bfc062723c751e8b465ee728b)
Start importing Assets/Models/LeafWall/Materials/AS09_Bark01_nml_su.png using Guid(c2d06e614781c824c9d25ff73c4edd7c) Importer(815301076,1909f56bfc062723c751e8b465ee728b) [PhysX] Initialized MultithreadedTaskDispatcher with 12 workers.
[PhysX] Initialized MultithreadedTaskDispatcher with 12 workers.
 -> (artifact id: 'b2eff45a04d5891c20de2565ecfa4c4b') in 0.047715 seconds
Number of updated asset objects reloaded before import = 0
Number of asset objects unloaded after import = 2
========================================================================
Received Import Request.
  Time since last request: 0.000165 seconds.
  path: Assets/Models/LeafWall/Materials/AS09_Clay01_nml_su.png
  artifactKey: Guid(014846bdd56fa6b49be9b91ca5ce010d) Importer(815301076,1909f56bfc062723c751e8b465ee728b)
Start importing Assets/Models/LeafWall/Materials/AS09_Clay01_nml_su.png using Guid(014846bdd56fa6b49be9b91ca5ce010d) Importer(815301076,1909f56bfc062723c751e8b465ee728b) [PhysX] Initialized MultithreadedTaskDispatcher with 12 workers.
[PhysX] Initialized MultithreadedTaskDispatcher with 12 workers.
 -> (artifact id: 'c7033ecb4515bac733e9f6d4725dbf16') in 0.031917 seconds
Number of updated asset objects reloaded before import = 0
Number of asset objects unloaded after import = 2
========================================================================
Received Import Request.
  Time since last request: 20.376142 seconds.
  path: Assets/Models/LeafWall/FBX_AS09_JasminumOfficinale_1.fbx
  artifactKey: Guid(32796625475d6a34eb9baa8b1e560b6b) Importer(815301076,1909f56bfc062723c751e8b465ee728b)
Start importing Assets/Models/LeafWall/FBX_AS09_JasminumOfficinale_1.fbx using Guid(32796625475d6a34eb9baa8b1e560b6b) Importer(815301076,1909f56bfc062723c751e8b465ee728b) [PhysX] Initialized MultithreadedTaskDispatcher with 12 workers.
[PhysX] Initialized MultithreadedTaskDispatcher with 12 workers.
[PhysX] Initialized MultithreadedTaskDispatcher with 12 workers.
[PhysX] Initialized MultithreadedTaskDispatcher with 12 workers.
[PhysX] Initialized MultithreadedTaskDispatcher with 12 workers.
[PhysX] Initialized MultithreadedTaskDispatcher with 12 workers.
[PhysX] Initialized MultithreadedTaskDispatcher with 12 workers.
[PhysX] Initialized MultithreadedTaskDispatcher with 12 workers.
[PhysX] Initialized MultithreadedTaskDispatcher with 12 workers.
[PhysX] Initialized MultithreadedTaskDispatcher with 12 workers.
[PhysX] Initialized MultithreadedTaskDispatcher with 12 workers.
[PhysX] Initialized MultithreadedTaskDispatcher with 12 workers.
[PhysX] Initialized MultithreadedTaskDispatcher with 12 workers.
[PhysX] Initialized MultithreadedTaskDispatcher with 12 workers.
[PhysX] Initialized MultithreadedTaskDispatcher with 12 workers.
[PhysX] Initialized MultithreadedTaskDispatcher with 12 workers.
[PhysX] Initialized MultithreadedTaskDispatcher with 12 workers.
[PhysX] Initialized MultithreadedTaskDispatcher with 12 workers.
 -> (artifact id: '840ab6c1a5db32284468b4d056431d24') in 0.258308 seconds
Number of updated asset objects reloaded before import = 0
Number of asset objects unloaded after import = 55
========================================================================
Received Import Request.
  Time since last request: 89.238199 seconds.
  path: Assets/Models/LeafWall/FBX_AS09_JasminumOfficinale_1.fbx
  artifactKey: Guid(32796625475d6a34eb9baa8b1e560b6b) Importer(815301076,1909f56bfc062723c751e8b465ee728b)
Start importing Assets/Models/LeafWall/FBX_AS09_JasminumOfficinale_1.fbx using Guid(32796625475d6a34eb9baa8b1e560b6b) Importer(815301076,1909f56bfc062723c751e8b465ee728b) [PhysX] Initialized MultithreadedTaskDispatcher with 12 workers.
[PhysX] Initialized MultithreadedTaskDispatcher with 12 workers.
[PhysX] Initialized MultithreadedTaskDispatcher with 12 workers.
[PhysX] Initialized MultithreadedTaskDispatcher with 12 workers.
[PhysX] Initialized MultithreadedTaskDispatcher with 12 workers.
[PhysX] Initialized MultithreadedTaskDispatcher with 12 workers.
[PhysX] Initialized MultithreadedTaskDispatcher with 12 workers.
[PhysX] Initialized MultithreadedTaskDispatcher with 12 workers.
[PhysX] Initialized MultithreadedTaskDispatcher with 12 workers.
[PhysX] Initialized MultithreadedTaskDispatcher with 12 workers.
[PhysX] Initialized MultithreadedTaskDispatcher with 12 workers.
[PhysX] Initialized MultithreadedTaskDispatcher with 12 workers.
[PhysX] Initialized MultithreadedTaskDispatcher with 12 workers.
[PhysX] Initialized MultithreadedTaskDispatcher with 12 workers.
[PhysX] Initialized MultithreadedTaskDispatcher with 12 workers.
[PhysX] Initialized MultithreadedTaskDispatcher with 12 workers.
[PhysX] Initialized MultithreadedTaskDispatcher with 12 workers.
[PhysX] Initialized MultithreadedTaskDispatcher with 12 workers.
 -> (artifact id: '327a7650234e22c7488142100933283d') in 0.391112 seconds
Number of updated asset objects reloaded before import = 0
Number of asset objects unloaded after import = 73
========================================================================
Received Import Request.
  Time since last request: 8.314421 seconds.
  path: Assets/Models/LeafWall/Materials/Bark01_SHD.mat
  artifactKey: Guid(7bbbe45e039a77c4ea0a327c9e13acf8) Importer(815301076,1909f56bfc062723c751e8b465ee728b)
Start importing Assets/Models/LeafWall/Materials/Bark01_SHD.mat using Guid(7bbbe45e039a77c4ea0a327c9e13acf8) Importer(815301076,1909f56bfc062723c751e8b465ee728b) [PhysX] Initialized MultithreadedTaskDispatcher with 12 workers.
[PhysX] Initialized MultithreadedTaskDispatcher with 12 workers.
 -> (artifact id: 'bbd045686d410b645840df5e31fe671e') in 0.055622 seconds
Number of updated asset objects reloaded before import = 0
Number of asset objects unloaded after import = 4
========================================================================
Received Import Request.
  Time since last request: 0.000016 seconds.
  path: Assets/Models/LeafWall/Materials/Clay01_SHD.mat
  artifactKey: Guid(a4d56cb33aaafc34c8e30901e20eaa96) Importer(815301076,1909f56bfc062723c751e8b465ee728b)
Start importing Assets/Models/LeafWall/Materials/Clay01_SHD.mat using Guid(a4d56cb33aaafc34c8e30901e20eaa96) Importer(815301076,1909f56bfc062723c751e8b465ee728b) [PhysX] Initialized MultithreadedTaskDispatcher with 12 workers.
[PhysX] Initialized MultithreadedTaskDispatcher with 12 workers.
 -> (artifact id: 'e2bac98e9156070796db090030e7a683') in 0.033620 seconds
Number of updated asset objects reloaded before import = 0
Number of asset objects unloaded after import = 4
========================================================================
Received Import Request.
  Time since last request: 1.881369 seconds.
  path: Assets/Models/LeafWall/Materials/Flower01_SHD.mat
  artifactKey: Guid(ded6bdcefcbd23f48a4efa9d082bc59e) Importer(815301076,1909f56bfc062723c751e8b465ee728b)
Start importing Assets/Models/LeafWall/Materials/Flower01_SHD.mat using Guid(ded6bdcefcbd23f48a4efa9d082bc59e) Importer(815301076,1909f56bfc062723c751e8b465ee728b) [PhysX] Initialized MultithreadedTaskDispatcher with 12 workers.
[PhysX] Initialized MultithreadedTaskDispatcher with 12 workers.
 -> (artifact id: '4f8aaa614990fb378f9cf2d58316407a') in 0.047083 seconds
Number of updated asset objects reloaded before import = 0
Number of asset objects unloaded after import = 4
========================================================================
Received Import Request.
  Time since last request: 6.635972 seconds.
  path: Assets/Models/LeafWall/Materials/Leaf01_su_SHD.mat
  artifactKey: Guid(dfe81d15a33edc245ac51d91f3931f2f) Importer(815301076,1909f56bfc062723c751e8b465ee728b)
Start importing Assets/Models/LeafWall/Materials/Leaf01_su_SHD.mat using Guid(dfe81d15a33edc245ac51d91f3931f2f) Importer(815301076,1909f56bfc062723c751e8b465ee728b) [PhysX] Initialized MultithreadedTaskDispatcher with 12 workers.
[PhysX] Initialized MultithreadedTaskDispatcher with 12 workers.
 -> (artifact id: '716466df97a36db8c46d9d571873b267') in 0.044252 seconds
Number of updated asset objects reloaded before import = 0
Number of asset objects unloaded after import = 4
========================================================================
Received Import Request.
  Time since last request: 53.330843 seconds.
  path: Assets/Models/LeafWall/Materials/Wood.mat
  artifactKey: Guid(0e7eb4ba1673f9146a968b613554da79) Importer(815301076,1909f56bfc062723c751e8b465ee728b)
Start importing Assets/Models/LeafWall/Materials/Wood.mat using Guid(0e7eb4ba1673f9146a968b613554da79) Importer(815301076,1909f56bfc062723c751e8b465ee728b) [PhysX] Initialized MultithreadedTaskDispatcher with 12 workers.
[PhysX] Initialized MultithreadedTaskDispatcher with 12 workers.
 -> (artifact id: '86c555b307f0a176be449a89045db80e') in 0.030675 seconds
Number of updated asset objects reloaded before import = 0
Number of asset objects unloaded after import = 4
========================================================================
Received Import Request.
  Time since last request: 16.555527 seconds.
  path: Assets/Scenes/Painting.unity
  artifactKey: Guid(51e408ff5247aad4a9979b29f11bba23) Importer(815301076,1909f56bfc062723c751e8b465ee728b)
Start importing Assets/Scenes/Painting.unity using Guid(51e408ff5247aad4a9979b29f11bba23) Importer(815301076,1909f56bfc062723c751e8b465ee728b) [PhysX] Initialized MultithreadedTaskDispatcher with 12 workers.
 -> (artifact id: '7ab97d63c4253595af6fde0b746d7ecb') in 0.000809 seconds
Number of updated asset objects reloaded before import = 0
Number of asset objects unloaded after import = 0
========================================================================
Received Prepare
Caller must complete domain reload
Begin MonoManager ReloadAssembly
- Loaded All Assemblies, in  0.530 seconds
Native extension for WindowsStandalone target not found
[Package Manager] Server::EnsureServerProcessIsRunning -- launch failed, reason: Unity was launched with the -noUpm command-line argument
[Package Manager] UpmClient::Send -- Unable to send message (not connected to UPM process).
[Package Manager] Cannot connect to Unity Package Manager local server
Mono: successfully reloaded assembly
- Finished resetting the current domain, in  1.446 seconds
Domain Reload Profiling: 1972ms
	BeginReloadAssembly (175ms)
		ExecutionOrderSort (0ms)
		DisableScriptedObjects (6ms)
		BackupInstance (0ms)
		ReleaseScriptingObjects (0ms)
		CreateAndSetChildDomain (51ms)
	RebuildCommonClasses (32ms)
	RebuildNativeTypeToScriptingClass (8ms)
	initialDomainReloadingComplete (43ms)
	LoadAllAssembliesAndSetupDomain (268ms)
		LoadAssemblies (338ms)
		RebuildTransferFunctionScriptingTraits (0ms)
		AnalyzeDomain (16ms)
			TypeCache.Refresh (7ms)
				TypeCache.ScanAssembly (0ms)
			ScanForSourceGeneratedMonoScriptInfo (0ms)
			ResolveRequiredComponents (7ms)
	FinalizeReload (1446ms)
		ReleaseScriptCaches (0ms)
		RebuildScriptCaches (0ms)
		SetupLoadedEditorAssemblies (601ms)
			LogAssemblyErrors (0ms)
			InitializePlatformSupportModulesInManaged (13ms)
			SetLoadedEditorAssemblies (7ms)
			RefreshPlugins (0ms)
			BeforeProcessingInitializeOnLoad (81ms)
			ProcessInitializeOnLoadAttributes (457ms)
			ProcessInitializeOnLoadMethodAttributes (33ms)
			AfterProcessingInitializeOnLoad (10ms)
			EditorAssembliesLoaded (0ms)
		ExecutionOrderSort2 (0ms)
		AwakeInstancesAfterBackupRestoration (7ms)
Refreshing native plugins compatible for Editor in 9.92 ms, found 3 plugins.
Preloading 0 native plugins for Editor in 0.00 ms.
Unloading 3081 Unused Serialized files (Serialized files now loaded: 0)
Unloading 14 unused Assets / (28.5 KB). Loaded Objects now: 3609.
Memory consumption went from 122.4 MB to 122.4 MB.
Total: 4.467500 ms (FindLiveObjects: 0.304500 ms CreateObjectMapping: 0.115300 ms MarkObjects: 3.977800 ms  DeleteObjects: 0.068700 ms)

Prepare: number of updated asset objects reloaded= 0
AssetImportParameters requested are different than current active one (requested -> active):
  custom:container-demuxer-ogg: 62fdf1f143b41e24485cea50d1cbac27 -> 
  custom:video-codec-MediaFoundation-h265: 746d11721c4dcdbdad8f713fa42b33f4 -> 
  custom:video-decoder-ogg-theora: a1e56fd34408186e4bbccfd4996cb3dc -> 
  custom:framework-win-MediaFoundation: 216162199b28c13a410421893ffa2e32 -> 
  custom:CustomObjectIndexerAttribute: 9a22284fe3817be447336de3de66b15e -> 
  custom:container-demuxer-webm: 4f35f7cbe854078d1ac9338744f61a02 -> 
  custom:container-muxer-webm: aa71ff27fc2769a1b78a27578f13a17b -> 
  custom:video-decoder-webm-vp8: 9c59270c3fd7afecdb556c50c9e8de78 -> 
  custom:SearchIndexIgnoredProperties: e643bd26f0fe6173181afceb89e7c659 -> 
  custom:AudioImporter_EditorPlatform: d09bf68614088b80899f8185d706f6e7 -> 
  custom:video-encoder-webm-vp8: eb34c28f22e8b96e1ab97ce403110664 -> 
  custom:audio-decoder-ogg-vorbis: bf7c407c2cedff20999df2af8eb42d56 -> 
  custom:audio-encoder-webm-vorbis: bf7c407c2cedff20999df2af8eb42d56 -> 
