Using pre-set license
Built from '2022.3/staging' branch; Version is '2022.3.49f1 (4dae1bb8668d) revision 5090843'; Using compiler version '192829333'; Build Type 'Release'
OS: 'Windows 11  (10.0.22631) 64bit Professional' Language: 'pt' Physical Memory: 16109 MB
BatchMode: 1, IsHumanControllingUs: 0, StartBugReporterOnCrash: 0, Is64bit: 1, IsPro: 1

COMMAND LINE ARGUMENTS:
C:\Program Files\Unity\Hub\Editor\2022.3.49f1\Editor\Unity.exe
-adb2
-batchMode
-noUpm
-name
AssetImportWorker1
-projectPath
C:/Users/Rita/Documents/GitHub/CV_ProjetoFinal
-logFile
Logs/AssetImportWorker1.log
-srvPort
60755
Successfully changed project path to: C:/Users/Rita/Documents/GitHub/CV_ProjetoFinal
C:/Users/Rita/Documents/GitHub/CV_ProjetoFinal
[UnityMemory] Configuration Parameters - Can be set up in boot.config
    "memorysetup-bucket-allocator-granularity=16"
    "memorysetup-bucket-allocator-bucket-count=8"
    "memorysetup-bucket-allocator-block-size=33554432"
    "memorysetup-bucket-allocator-block-count=8"
    "memorysetup-main-allocator-block-size=16777216"
    "memorysetup-thread-allocator-block-size=16777216"
    "memorysetup-gfx-main-allocator-block-size=16777216"
    "memorysetup-gfx-thread-allocator-block-size=16777216"
    "memorysetup-cache-allocator-block-size=4194304"
    "memorysetup-typetree-allocator-block-size=2097152"
    "memorysetup-profiler-bucket-allocator-granularity=16"
    "memorysetup-profiler-bucket-allocator-bucket-count=8"
    "memorysetup-profiler-bucket-allocator-block-size=33554432"
    "memorysetup-profiler-bucket-allocator-block-count=8"
    "memorysetup-profiler-allocator-block-size=16777216"
    "memorysetup-profiler-editor-allocator-block-size=1048576"
    "memorysetup-temp-allocator-size-main=16777216"
    "memorysetup-job-temp-allocator-block-size=2097152"
    "memorysetup-job-temp-allocator-block-size-background=1048576"
    "memorysetup-job-temp-allocator-reduction-small-platforms=262144"
    "memorysetup-allocator-temp-initial-block-size-main=262144"
    "memorysetup-allocator-temp-initial-block-size-worker=262144"
    "memorysetup-temp-allocator-size-background-worker=32768"
    "memorysetup-temp-allocator-size-job-worker=262144"
    "memorysetup-temp-allocator-size-preload-manager=33554432"
    "memorysetup-temp-allocator-size-nav-mesh-worker=65536"
    "memorysetup-temp-allocator-size-audio-worker=65536"
    "memorysetup-temp-allocator-size-cloud-worker=32768"
    "memorysetup-temp-allocator-size-gi-baking-worker=262144"
    "memorysetup-temp-allocator-size-gfx=262144"
Player connection [40408]  Target information:

Player connection [40408]  * "[IP] 192.168.46.255 [Port] 0 [Flags] 2 [Guid] 1759176585 [EditorId] 1759176585 [Version] 1048832 [Id] WindowsEditor(7,LAPTOP-1HTEPRN1) [Debug] 1 [PackageName] WindowsEditor [ProjectName] Editor" 

Player connection [40408] Host joined multi-casting on [225.0.0.222:54997]...
Player connection [40408] Host joined alternative multi-casting on [225.0.0.222:34997]...
[PhysX] Initialized MultithreadedTaskDispatcher with 12 workers.
Refreshing native plugins compatible for Editor in 11.55 ms, found 3 plugins.
Preloading 0 native plugins for Editor in 0.00 ms.
Initialize engine version: 2022.3.49f1 (4dae1bb8668d)
[Subsystems] Discovering subsystems at path C:/Program Files/Unity/Hub/Editor/2022.3.49f1/Editor/Data/Resources/UnitySubsystems
[Subsystems] Discovering subsystems at path C:/Users/Rita/Documents/GitHub/CV_ProjetoFinal/Assets
GfxDevice: creating device client; threaded=0; jobified=0
Direct3D:
    Version:  Direct3D 11.0 [level 11.1]
    Renderer: Intel(R) Iris(R) Xe Graphics (ID=0x46a8)
    Vendor:   Intel
    VRAM:     8054 MB
    Driver:   31.0.101.4502
Initialize mono
Mono path[0] = 'C:/Program Files/Unity/Hub/Editor/2022.3.49f1/Editor/Data/Managed'
Mono path[1] = 'C:/Program Files/Unity/Hub/Editor/2022.3.49f1/Editor/Data/MonoBleedingEdge/lib/mono/unityjit-win32'
Mono config path = 'C:/Program Files/Unity/Hub/Editor/2022.3.49f1/Editor/Data/MonoBleedingEdge/etc'
Using monoOptions --debugger-agent=transport=dt_socket,embedding=1,server=y,suspend=n,address=127.0.0.1:56812
Begin MonoManager ReloadAssembly
Registering precompiled unity dll's ...
Register platform support module: C:/Program Files/Unity/Hub/Editor/2022.3.49f1/Editor/Data/PlaybackEngines/WindowsStandaloneSupport/UnityEditor.WindowsStandalone.Extensions.dll
Registered in 0.010053 seconds.
- Loaded All Assemblies, in  0.367 seconds
Native extension for WindowsStandalone target not found
Mono: successfully reloaded assembly
- Finished resetting the current domain, in  0.280 seconds
Domain Reload Profiling: 645ms
	BeginReloadAssembly (116ms)
		ExecutionOrderSort (0ms)
		DisableScriptedObjects (0ms)
		BackupInstance (0ms)
		ReleaseScriptingObjects (0ms)
		CreateAndSetChildDomain (1ms)
	RebuildCommonClasses (35ms)
	RebuildNativeTypeToScriptingClass (10ms)
	initialDomainReloadingComplete (65ms)
	LoadAllAssembliesAndSetupDomain (138ms)
		LoadAssemblies (113ms)
		RebuildTransferFunctionScriptingTraits (0ms)
		AnalyzeDomain (136ms)
			TypeCache.Refresh (134ms)
				TypeCache.ScanAssembly (121ms)
			ScanForSourceGeneratedMonoScriptInfo (0ms)
			ResolveRequiredComponents (0ms)
	FinalizeReload (280ms)
		ReleaseScriptCaches (0ms)
		RebuildScriptCaches (0ms)
		SetupLoadedEditorAssemblies (229ms)
			LogAssemblyErrors (0ms)
			InitializePlatformSupportModulesInManaged (10ms)
			SetLoadedEditorAssemblies (8ms)
			RefreshPlugins (0ms)
			BeforeProcessingInitializeOnLoad (2ms)
			ProcessInitializeOnLoadAttributes (163ms)
			ProcessInitializeOnLoadMethodAttributes (46ms)
			AfterProcessingInitializeOnLoad (0ms)
			EditorAssembliesLoaded (0ms)
		ExecutionOrderSort2 (0ms)
		AwakeInstancesAfterBackupRestoration (0ms)
========================================================================
Worker process is ready to serve import requests
Caller must complete domain reload
Begin MonoManager ReloadAssembly
- Loaded All Assemblies, in  0.628 seconds
Native extension for WindowsStandalone target not found
Package Manager log level set to [2]
[Package Manager] Server::EnsureServerProcessIsRunning -- launch failed, reason: Unity was launched with the -noUpm command-line argument
[Package Manager] UpmClient::Send -- Unable to send message (not connected to UPM process).
[Package Manager] Cannot connect to Unity Package Manager local server
Mono: successfully reloaded assembly
- Finished resetting the current domain, in  0.606 seconds
Domain Reload Profiling: 1230ms
	BeginReloadAssembly (137ms)
		ExecutionOrderSort (0ms)
		DisableScriptedObjects (4ms)
		BackupInstance (0ms)
		ReleaseScriptingObjects (0ms)
		CreateAndSetChildDomain (22ms)
	RebuildCommonClasses (31ms)
	RebuildNativeTypeToScriptingClass (8ms)
	initialDomainReloadingComplete (48ms)
	LoadAllAssembliesAndSetupDomain (400ms)
		LoadAssemblies (311ms)
		RebuildTransferFunctionScriptingTraits (0ms)
		AnalyzeDomain (166ms)
			TypeCache.Refresh (147ms)
				TypeCache.ScanAssembly (133ms)
			ScanForSourceGeneratedMonoScriptInfo (15ms)
			ResolveRequiredComponents (3ms)
	FinalizeReload (607ms)
		ReleaseScriptCaches (0ms)
		RebuildScriptCaches (0ms)
		SetupLoadedEditorAssemblies (465ms)
			LogAssemblyErrors (0ms)
			InitializePlatformSupportModulesInManaged (6ms)
			SetLoadedEditorAssemblies (5ms)
			RefreshPlugins (0ms)
			BeforeProcessingInitializeOnLoad (60ms)
			ProcessInitializeOnLoadAttributes (363ms)
			ProcessInitializeOnLoadMethodAttributes (21ms)
			AfterProcessingInitializeOnLoad (9ms)
			EditorAssembliesLoaded (0ms)
		ExecutionOrderSort2 (0ms)
		AwakeInstancesAfterBackupRestoration (6ms)
Launched and connected shader compiler UnityShaderCompiler.exe after 0.06 seconds
Refreshing native plugins compatible for Editor in 4.11 ms, found 3 plugins.
Preloading 0 native plugins for Editor in 0.00 ms.
Unloading 3089 Unused Serialized files (Serialized files now loaded: 0)
Unloading 19 unused Assets / (54.6 KB). Loaded Objects now: 3556.
Memory consumption went from 118.5 MB to 118.5 MB.
Total: 3.114200 ms (FindLiveObjects: 0.285400 ms CreateObjectMapping: 0.106900 ms MarkObjects: 2.614500 ms  DeleteObjects: 0.105800 ms)

AssetImportParameters requested are different than current active one (requested -> active):
  custom:container-demuxer-ogg: 62fdf1f143b41e24485cea50d1cbac27 -> 
  custom:video-codec-MediaFoundation-h265: 746d11721c4dcdbdad8f713fa42b33f4 -> 
  custom:video-decoder-ogg-theora: a1e56fd34408186e4bbccfd4996cb3dc -> 
  custom:framework-win-MediaFoundation: 216162199b28c13a410421893ffa2e32 -> 
  custom:CustomObjectIndexerAttribute: 9a22284fe3817be447336de3de66b15e -> 
  custom:container-demuxer-webm: 4f35f7cbe854078d1ac9338744f61a02 -> 
  custom:container-muxer-webm: aa71ff27fc2769a1b78a27578f13a17b -> 
  custom:video-decoder-webm-vp8: 9c59270c3fd7afecdb556c50c9e8de78 -> 
  custom:SearchIndexIgnoredProperties: e643bd26f0fe6173181afceb89e7c659 -> 
  custom:AudioImporter_EditorPlatform: d09bf68614088b80899f8185d706f6e7 -> 
  custom:video-encoder-webm-vp8: eb34c28f22e8b96e1ab97ce403110664 -> 
  custom:audio-decoder-ogg-vorbis: bf7c407c2cedff20999df2af8eb42d56 -> 
  custom:audio-encoder-webm-vorbis: bf7c407c2cedff20999df2af8eb42d56 -> 
========================================================================
Received Import Request.
  Time since last request: 1828256.308202 seconds.
  path: Assets/Models/LeafWall/Materials/AS09_Bark01_gls_su.png
  artifactKey: Guid(1831e8b53551d2a45ba522245a50c8f7) Importer(815301076,1909f56bfc062723c751e8b465ee728b)
Start importing Assets/Models/LeafWall/Materials/AS09_Bark01_gls_su.png using Guid(1831e8b53551d2a45ba522245a50c8f7) Importer(815301076,1909f56bfc062723c751e8b465ee728b) [PhysX] Initialized MultithreadedTaskDispatcher with 12 workers.
[PhysX] Initialized MultithreadedTaskDispatcher with 12 workers.
 -> (artifact id: '66c87966078ff09e5cb37e6cc1eea0e2') in 0.099848 seconds
Number of updated asset objects reloaded before import = 0
Number of asset objects unloaded after import = 2
========================================================================
Received Import Request.
  Time since last request: 0.000038 seconds.
  path: Assets/Models/LeafWall/Materials/AS09_Leaf07_trp_su.png
  artifactKey: Guid(0662fe3f874a33f4ba60bad57a974874) Importer(815301076,1909f56bfc062723c751e8b465ee728b)
Start importing Assets/Models/LeafWall/Materials/AS09_Leaf07_trp_su.png using Guid(0662fe3f874a33f4ba60bad57a974874) Importer(815301076,1909f56bfc062723c751e8b465ee728b) [PhysX] Initialized MultithreadedTaskDispatcher with 12 workers.
[PhysX] Initialized MultithreadedTaskDispatcher with 12 workers.
 -> (artifact id: '823bf0342b77c05f76888217102ceb07') in 0.028147 seconds
Number of updated asset objects reloaded before import = 0
Number of asset objects unloaded after import = 2
========================================================================
Received Import Request.
  Time since last request: 0.000067 seconds.
  path: Assets/Models/LeafWall/Materials/AS09_Leaf07_nml_su.png
  artifactKey: Guid(e050a71e6be384f4d9ffc886055dec5a) Importer(815301076,1909f56bfc062723c751e8b465ee728b)
Start importing Assets/Models/LeafWall/Materials/AS09_Leaf07_nml_su.png using Guid(e050a71e6be384f4d9ffc886055dec5a) Importer(815301076,1909f56bfc062723c751e8b465ee728b) [PhysX] Initialized MultithreadedTaskDispatcher with 12 workers.
[PhysX] Initialized MultithreadedTaskDispatcher with 12 workers.
 -> (artifact id: '2f27a3e3b3e0b95d3a0ff7d2457ddee5') in 0.023872 seconds
Number of updated asset objects reloaded before import = 0
Number of asset objects unloaded after import = 2
========================================================================
Received Import Request.
  Time since last request: 0.000036 seconds.
  path: Assets/Models/LeafWall/Materials/AS09_Leaf02Back_dif_su.png
  artifactKey: Guid(1b13a34c55cccc745b7cf1ed5f45d3d7) Importer(815301076,1909f56bfc062723c751e8b465ee728b)
Start importing Assets/Models/LeafWall/Materials/AS09_Leaf02Back_dif_su.png using Guid(1b13a34c55cccc745b7cf1ed5f45d3d7) Importer(815301076,1909f56bfc062723c751e8b465ee728b) [PhysX] Initialized MultithreadedTaskDispatcher with 12 workers.
[PhysX] Initialized MultithreadedTaskDispatcher with 12 workers.
 -> (artifact id: 'fa967297972d58c710aead1249f46d07') in 0.024357 seconds
Number of updated asset objects reloaded before import = 0
Number of asset objects unloaded after import = 2
========================================================================
Received Import Request.
  Time since last request: 0.000033 seconds.
  path: Assets/Models/LeafWall/Materials/AS09_Leaf06_alp_su.png
  artifactKey: Guid(27cfc37dd1140e44ba75dd55bc71e045) Importer(815301076,1909f56bfc062723c751e8b465ee728b)
Start importing Assets/Models/LeafWall/Materials/AS09_Leaf06_alp_su.png using Guid(27cfc37dd1140e44ba75dd55bc71e045) Importer(815301076,1909f56bfc062723c751e8b465ee728b) [PhysX] Initialized MultithreadedTaskDispatcher with 12 workers.
[PhysX] Initialized MultithreadedTaskDispatcher with 12 workers.
 -> (artifact id: '3da4c61cd50e46f7e65fe29c2052850b') in 0.021985 seconds
Number of updated asset objects reloaded before import = 0
Number of asset objects unloaded after import = 2
========================================================================
Received Import Request.
  Time since last request: 0.000026 seconds.
  path: Assets/Models/LeafWall/Materials/AS09_Clay01_gls_su.png
  artifactKey: Guid(b09c2819e6f7fb04fa0203d4ce344498) Importer(815301076,1909f56bfc062723c751e8b465ee728b)
Start importing Assets/Models/LeafWall/Materials/AS09_Clay01_gls_su.png using Guid(b09c2819e6f7fb04fa0203d4ce344498) Importer(815301076,1909f56bfc062723c751e8b465ee728b) [PhysX] Initialized MultithreadedTaskDispatcher with 12 workers.
[PhysX] Initialized MultithreadedTaskDispatcher with 12 workers.
 -> (artifact id: 'de73866f7d07b1a2d6147c06d74940de') in 0.022230 seconds
Number of updated asset objects reloaded before import = 0
Number of asset objects unloaded after import = 2
========================================================================
Received Import Request.
  Time since last request: 0.000116 seconds.
  path: Assets/Models/LeafWall/Materials/AS09_Leaf05_alp_su.png
  artifactKey: Guid(c6b8c52d433ba124d8e63e293c3d3ae2) Importer(815301076,1909f56bfc062723c751e8b465ee728b)
Start importing Assets/Models/LeafWall/Materials/AS09_Leaf05_alp_su.png using Guid(c6b8c52d433ba124d8e63e293c3d3ae2) Importer(815301076,1909f56bfc062723c751e8b465ee728b) [PhysX] Initialized MultithreadedTaskDispatcher with 12 workers.
[PhysX] Initialized MultithreadedTaskDispatcher with 12 workers.
 -> (artifact id: '6beb257b99c649ca17f50aa06f16d945') in 0.024983 seconds
Number of updated asset objects reloaded before import = 0
Number of asset objects unloaded after import = 2
========================================================================
Received Import Request.
  Time since last request: 0.000056 seconds.
  path: Assets/Models/LeafWall/Materials/AS09_Leaf05_gls_su.png
  artifactKey: Guid(a75811f3a25e3424eb07e2c68234a5e0) Importer(815301076,1909f56bfc062723c751e8b465ee728b)
Start importing Assets/Models/LeafWall/Materials/AS09_Leaf05_gls_su.png using Guid(a75811f3a25e3424eb07e2c68234a5e0) Importer(815301076,1909f56bfc062723c751e8b465ee728b) [PhysX] Initialized MultithreadedTaskDispatcher with 12 workers.
[PhysX] Initialized MultithreadedTaskDispatcher with 12 workers.
 -> (artifact id: 'd403d62f83ba0891a272f196d18c165e') in 0.021250 seconds
Number of updated asset objects reloaded before import = 0
Number of asset objects unloaded after import = 2
========================================================================
Received Import Request.
  Time since last request: 0.000030 seconds.
  path: Assets/Models/LeafWall/Materials/AS09_Leaf06_nml_su.png
  artifactKey: Guid(f1753521369029643ad52be86006d38b) Importer(815301076,1909f56bfc062723c751e8b465ee728b)
Start importing Assets/Models/LeafWall/Materials/AS09_Leaf06_nml_su.png using Guid(f1753521369029643ad52be86006d38b) Importer(815301076,1909f56bfc062723c751e8b465ee728b) [PhysX] Initialized MultithreadedTaskDispatcher with 12 workers.
[PhysX] Initialized MultithreadedTaskDispatcher with 12 workers.
 -> (artifact id: 'e90dba2bcba7cd87d5400052401a753a') in 0.022007 seconds
Number of updated asset objects reloaded before import = 0
Number of asset objects unloaded after import = 2
========================================================================
Received Import Request.
  Time since last request: 0.000029 seconds.
  path: Assets/Models/LeafWall/Materials/AS09_Leaf03_nml_su.png
  artifactKey: Guid(cfc988ff2cca549429f0d3010e9aa61e) Importer(815301076,1909f56bfc062723c751e8b465ee728b)
Start importing Assets/Models/LeafWall/Materials/AS09_Leaf03_nml_su.png using Guid(cfc988ff2cca549429f0d3010e9aa61e) Importer(815301076,1909f56bfc062723c751e8b465ee728b) [PhysX] Initialized MultithreadedTaskDispatcher with 12 workers.
[PhysX] Initialized MultithreadedTaskDispatcher with 12 workers.
 -> (artifact id: 'b0c4d1c64df1897e6dbd368344918d6e') in 0.024951 seconds
Number of updated asset objects reloaded before import = 0
Number of asset objects unloaded after import = 2
========================================================================
Received Import Request.
  Time since last request: 0.000030 seconds.
  path: Assets/Models/LeafWall/Materials/AS09_Leaf03_trp_su.png
  artifactKey: Guid(fd091bc38a06e8447bee0fbb288a8f6c) Importer(815301076,1909f56bfc062723c751e8b465ee728b)
Start importing Assets/Models/LeafWall/Materials/AS09_Leaf03_trp_su.png using Guid(fd091bc38a06e8447bee0fbb288a8f6c) Importer(815301076,1909f56bfc062723c751e8b465ee728b) [PhysX] Initialized MultithreadedTaskDispatcher with 12 workers.
[PhysX] Initialized MultithreadedTaskDispatcher with 12 workers.
 -> (artifact id: 'c1bb118fdc09fe93ba3caf0d225f4b5b') in 0.021223 seconds
Number of updated asset objects reloaded before import = 0
Number of asset objects unloaded after import = 2
========================================================================
Received Import Request.
  Time since last request: 0.000036 seconds.
  path: Assets/Models/LeafWall/Materials/AS09_Leaf01Front_dif_su.png
  artifactKey: Guid(fcfabbde68726094eb1191844d3ab725) Importer(815301076,1909f56bfc062723c751e8b465ee728b)
Start importing Assets/Models/LeafWall/Materials/AS09_Leaf01Front_dif_su.png using Guid(fcfabbde68726094eb1191844d3ab725) Importer(815301076,1909f56bfc062723c751e8b465ee728b) [PhysX] Initialized MultithreadedTaskDispatcher with 12 workers.
[PhysX] Initialized MultithreadedTaskDispatcher with 12 workers.
 -> (artifact id: '5ee925bf7449b186d5241658eddf8b0d') in 0.021451 seconds
Number of updated asset objects reloaded before import = 0
Number of asset objects unloaded after import = 2
========================================================================
Received Import Request.
  Time since last request: 0.000040 seconds.
  path: Assets/Models/LeafWall/Materials/AS09_Leaf01_gls_su.png
  artifactKey: Guid(4819e7adfd81d1e45918ca050b49e251) Importer(815301076,1909f56bfc062723c751e8b465ee728b)
Start importing Assets/Models/LeafWall/Materials/AS09_Leaf01_gls_su.png using Guid(4819e7adfd81d1e45918ca050b49e251) Importer(815301076,1909f56bfc062723c751e8b465ee728b) [PhysX] Initialized MultithreadedTaskDispatcher with 12 workers.
[PhysX] Initialized MultithreadedTaskDispatcher with 12 workers.
 -> (artifact id: '9e3a996aabcceffaf77c3d0f058fb625') in 0.022223 seconds
Number of updated asset objects reloaded before import = 0
Number of asset objects unloaded after import = 2
========================================================================
Received Import Request.
  Time since last request: 0.000046 seconds.
  path: Assets/Models/LeafWall/Materials/AS09_Leaf04_nml_su.png
  artifactKey: Guid(ee06a828754b55e44b2a16fb0b34140b) Importer(815301076,1909f56bfc062723c751e8b465ee728b)
Start importing Assets/Models/LeafWall/Materials/AS09_Leaf04_nml_su.png using Guid(ee06a828754b55e44b2a16fb0b34140b) Importer(815301076,1909f56bfc062723c751e8b465ee728b) [PhysX] Initialized MultithreadedTaskDispatcher with 12 workers.
[PhysX] Initialized MultithreadedTaskDispatcher with 12 workers.
 -> (artifact id: '389e8315b2ee701283840ac6a08e6134') in 0.026997 seconds
Number of updated asset objects reloaded before import = 0
Number of asset objects unloaded after import = 2
========================================================================
Received Import Request.
  Time since last request: 0.000093 seconds.
  path: Assets/Models/LeafWall/Materials/AS09_Leaf03Back_dif_su.png
  artifactKey: Guid(4a920d9845e65fe4482fc3e2c515e73a) Importer(815301076,1909f56bfc062723c751e8b465ee728b)
Start importing Assets/Models/LeafWall/Materials/AS09_Leaf03Back_dif_su.png using Guid(4a920d9845e65fe4482fc3e2c515e73a) Importer(815301076,1909f56bfc062723c751e8b465ee728b) [PhysX] Initialized MultithreadedTaskDispatcher with 12 workers.
[PhysX] Initialized MultithreadedTaskDispatcher with 12 workers.
 -> (artifact id: '4f3840f318015c497d6fe0eb0edaaae8') in 0.021866 seconds
Number of updated asset objects reloaded before import = 0
Number of asset objects unloaded after import = 2
========================================================================
Received Import Request.
  Time since last request: 0.000019 seconds.
  path: Assets/Models/LeafWall/Materials/AS09_Clay01_nml_su.png
  artifactKey: Guid(014846bdd56fa6b49be9b91ca5ce010d) Importer(815301076,1909f56bfc062723c751e8b465ee728b)
Start importing Assets/Models/LeafWall/Materials/AS09_Clay01_nml_su.png using Guid(014846bdd56fa6b49be9b91ca5ce010d) Importer(815301076,1909f56bfc062723c751e8b465ee728b) [PhysX] Initialized MultithreadedTaskDispatcher with 12 workers.
[PhysX] Initialized MultithreadedTaskDispatcher with 12 workers.
 -> (artifact id: '20fe660012aec87f022a1cb7f6e2edd7') in 0.028529 seconds
Number of updated asset objects reloaded before import = 0
Number of asset objects unloaded after import = 2
========================================================================
Received Import Request.
  Time since last request: 0.000035 seconds.
  path: Assets/Models/LeafWall/Materials/AS09_Leaf01_trp_su.png
  artifactKey: Guid(7346d45c6b0284a43bbeb9a8ba492773) Importer(815301076,1909f56bfc062723c751e8b465ee728b)
Start importing Assets/Models/LeafWall/Materials/AS09_Leaf01_trp_su.png using Guid(7346d45c6b0284a43bbeb9a8ba492773) Importer(815301076,1909f56bfc062723c751e8b465ee728b) [PhysX] Initialized MultithreadedTaskDispatcher with 12 workers.
[PhysX] Initialized MultithreadedTaskDispatcher with 12 workers.
 -> (artifact id: '36b57a5ba44174b6746d9b624eb756c8') in 0.023371 seconds
Number of updated asset objects reloaded before import = 0
Number of asset objects unloaded after import = 2
========================================================================
Received Import Request.
  Time since last request: 0.000020 seconds.
  path: Assets/Models/LeafWall/Materials/AS09_Leaf07_gls_su.png
  artifactKey: Guid(ce92364c6b10fcf48a512a0c93804fcc) Importer(815301076,1909f56bfc062723c751e8b465ee728b)
Start importing Assets/Models/LeafWall/Materials/AS09_Leaf07_gls_su.png using Guid(ce92364c6b10fcf48a512a0c93804fcc) Importer(815301076,1909f56bfc062723c751e8b465ee728b) [PhysX] Initialized MultithreadedTaskDispatcher with 12 workers.
[PhysX] Initialized MultithreadedTaskDispatcher with 12 workers.
 -> (artifact id: 'c6bc0a6637a4db37cb1dc295b2d517fe') in 0.020789 seconds
Number of updated asset objects reloaded before import = 0
Number of asset objects unloaded after import = 2
========================================================================
Received Import Request.
  Time since last request: 0.000033 seconds.
  path: Assets/Models/LeafWall/Materials/AS09_Leaf01Back_dif_su.png
  artifactKey: Guid(22ab5fffa9716e04da8ec9eb9fd7f159) Importer(815301076,1909f56bfc062723c751e8b465ee728b)
Start importing Assets/Models/LeafWall/Materials/AS09_Leaf01Back_dif_su.png using Guid(22ab5fffa9716e04da8ec9eb9fd7f159) Importer(815301076,1909f56bfc062723c751e8b465ee728b) [PhysX] Initialized MultithreadedTaskDispatcher with 12 workers.
[PhysX] Initialized MultithreadedTaskDispatcher with 12 workers.
 -> (artifact id: 'e12336e09057a81e0a91fd0320cb0c1d') in 0.023120 seconds
Number of updated asset objects reloaded before import = 0
Number of asset objects unloaded after import = 2
========================================================================
Received Import Request.
  Time since last request: 0.000022 seconds.
  path: Assets/Models/LeafWall/Materials/AS09_Flower02Front_dif_su.png
  artifactKey: Guid(3c11f4bc1ce59434ab92947f2f6201f2) Importer(815301076,1909f56bfc062723c751e8b465ee728b)
Start importing Assets/Models/LeafWall/Materials/AS09_Flower02Front_dif_su.png using Guid(3c11f4bc1ce59434ab92947f2f6201f2) Importer(815301076,1909f56bfc062723c751e8b465ee728b) [PhysX] Initialized MultithreadedTaskDispatcher with 12 workers.
[PhysX] Initialized MultithreadedTaskDispatcher with 12 workers.
 -> (artifact id: '65681586a081fb1f49e1e41a59ad4ccd') in 0.021950 seconds
Number of updated asset objects reloaded before import = 0
Number of asset objects unloaded after import = 2
========================================================================
Received Import Request.
  Time since last request: 0.000021 seconds.
  path: Assets/Models/LeafWall/Materials/AS09_Clay01_dif_su.png
  artifactKey: Guid(31673bbb832be624c92fe65f0c727a9b) Importer(815301076,1909f56bfc062723c751e8b465ee728b)
Start importing Assets/Models/LeafWall/Materials/AS09_Clay01_dif_su.png using Guid(31673bbb832be624c92fe65f0c727a9b) Importer(815301076,1909f56bfc062723c751e8b465ee728b) [PhysX] Initialized MultithreadedTaskDispatcher with 12 workers.
[PhysX] Initialized MultithreadedTaskDispatcher with 12 workers.
 -> (artifact id: '2c7e74a18acf409e9cb8834a3303eef8') in 0.023039 seconds
Number of updated asset objects reloaded before import = 0
Number of asset objects unloaded after import = 2
========================================================================
Received Import Request.
  Time since last request: 0.000032 seconds.
  path: Assets/Models/LeafWall/Materials/AS09_Leaf03_alp_su.png
  artifactKey: Guid(e0bcb32369ed4244eba7f734bfeb3b4f) Importer(815301076,1909f56bfc062723c751e8b465ee728b)
Start importing Assets/Models/LeafWall/Materials/AS09_Leaf03_alp_su.png using Guid(e0bcb32369ed4244eba7f734bfeb3b4f) Importer(815301076,1909f56bfc062723c751e8b465ee728b) [PhysX] Initialized MultithreadedTaskDispatcher with 12 workers.
[PhysX] Initialized MultithreadedTaskDispatcher with 12 workers.
 -> (artifact id: 'd9bbce6804b16bee7dbcba092e3bbfb6') in 0.024534 seconds
Number of updated asset objects reloaded before import = 0
Number of asset objects unloaded after import = 2
========================================================================
Received Import Request.
  Time since last request: 0.000020 seconds.
  path: Assets/Models/LeafWall/Materials/AS09_Flower01Front_dif_su.png
  artifactKey: Guid(238ba80d81d78d04fbd53378e6861684) Importer(815301076,1909f56bfc062723c751e8b465ee728b)
Start importing Assets/Models/LeafWall/Materials/AS09_Flower01Front_dif_su.png using Guid(238ba80d81d78d04fbd53378e6861684) Importer(815301076,1909f56bfc062723c751e8b465ee728b) [PhysX] Initialized MultithreadedTaskDispatcher with 12 workers.
[PhysX] Initialized MultithreadedTaskDispatcher with 12 workers.
 -> (artifact id: 'ed6eb4cf1002524baeb95bef18e06fe9') in 0.022169 seconds
Number of updated asset objects reloaded before import = 0
Number of asset objects unloaded after import = 2
========================================================================
Received Import Request.
  Time since last request: 0.000022 seconds.
  path: Assets/Models/LeafWall/Materials/AS09_Leaf06Front_dif_su.png
  artifactKey: Guid(b3133446622be844692de450304701d7) Importer(815301076,1909f56bfc062723c751e8b465ee728b)
Start importing Assets/Models/LeafWall/Materials/AS09_Leaf06Front_dif_su.png using Guid(b3133446622be844692de450304701d7) Importer(815301076,1909f56bfc062723c751e8b465ee728b) [PhysX] Initialized MultithreadedTaskDispatcher with 12 workers.
[PhysX] Initialized MultithreadedTaskDispatcher with 12 workers.
 -> (artifact id: '9bac9d30915d9ad81cd58391c7d93d45') in 0.027395 seconds
Number of updated asset objects reloaded before import = 0
Number of asset objects unloaded after import = 2
========================================================================
Received Import Request.
  Time since last request: 0.000033 seconds.
  path: Assets/Models/LeafWall/Materials/AS09_Leaf02Front_dif_su.png
  artifactKey: Guid(55d109df6a572954b81d2a4f9544bcef) Importer(815301076,1909f56bfc062723c751e8b465ee728b)
Start importing Assets/Models/LeafWall/Materials/AS09_Leaf02Front_dif_su.png using Guid(55d109df6a572954b81d2a4f9544bcef) Importer(815301076,1909f56bfc062723c751e8b465ee728b) [PhysX] Initialized MultithreadedTaskDispatcher with 12 workers.
[PhysX] Initialized MultithreadedTaskDispatcher with 12 workers.
 -> (artifact id: '1f59f7f734ca93ba52a0cf074f0bffff') in 0.026204 seconds
Number of updated asset objects reloaded before import = 0
Number of asset objects unloaded after import = 2
========================================================================
Received Import Request.
  Time since last request: 0.000020 seconds.
  path: Assets/Models/LeafWall/Materials/AS09_Flower01Back_dif_su.png
  artifactKey: Guid(cde135f7a533ff74cb7364ab1517a3d9) Importer(815301076,1909f56bfc062723c751e8b465ee728b)
Start importing Assets/Models/LeafWall/Materials/AS09_Flower01Back_dif_su.png using Guid(cde135f7a533ff74cb7364ab1517a3d9) Importer(815301076,1909f56bfc062723c751e8b465ee728b) [PhysX] Initialized MultithreadedTaskDispatcher with 12 workers.
[PhysX] Initialized MultithreadedTaskDispatcher with 12 workers.
 -> (artifact id: '0f0c3c3b8813c2a894aa06d55a14e404') in 0.029648 seconds
Number of updated asset objects reloaded before import = 0
Number of asset objects unloaded after import = 2
========================================================================
Received Import Request.
  Time since last request: 0.000021 seconds.
  path: Assets/Models/LeafWall/Materials/AS09_Leaf04_gls_su.png
  artifactKey: Guid(12fdb0870f617aa40bf4586af951de91) Importer(815301076,1909f56bfc062723c751e8b465ee728b)
Start importing Assets/Models/LeafWall/Materials/AS09_Leaf04_gls_su.png using Guid(12fdb0870f617aa40bf4586af951de91) Importer(815301076,1909f56bfc062723c751e8b465ee728b) [PhysX] Initialized MultithreadedTaskDispatcher with 12 workers.
[PhysX] Initialized MultithreadedTaskDispatcher with 12 workers.
 -> (artifact id: '9cece9ed0ee49e36afaea1602779b871') in 0.023125 seconds
Number of updated asset objects reloaded before import = 0
Number of asset objects unloaded after import = 2
========================================================================
Received Import Request.
  Time since last request: 0.000020 seconds.
  path: Assets/Models/LeafWall/Materials/AS09_Flower02_gls_su.png
  artifactKey: Guid(fc70c3c896c4056458dbebe01c255b63) Importer(815301076,1909f56bfc062723c751e8b465ee728b)
Start importing Assets/Models/LeafWall/Materials/AS09_Flower02_gls_su.png using Guid(fc70c3c896c4056458dbebe01c255b63) Importer(815301076,1909f56bfc062723c751e8b465ee728b) [PhysX] Initialized MultithreadedTaskDispatcher with 12 workers.
[PhysX] Initialized MultithreadedTaskDispatcher with 12 workers.
 -> (artifact id: 'fc20d5e19c7b1f514eef62dfd79af0ed') in 0.022226 seconds
Number of updated asset objects reloaded before import = 0
Number of asset objects unloaded after import = 2
========================================================================
Received Import Request.
  Time since last request: 0.000022 seconds.
  path: Assets/Models/LeafWall/Materials/AS09_Flower02Back_dif_su.png
  artifactKey: Guid(c74252606a0ec414ba87a7e75b50ea24) Importer(815301076,1909f56bfc062723c751e8b465ee728b)
Start importing Assets/Models/LeafWall/Materials/AS09_Flower02Back_dif_su.png using Guid(c74252606a0ec414ba87a7e75b50ea24) Importer(815301076,1909f56bfc062723c751e8b465ee728b) [PhysX] Initialized MultithreadedTaskDispatcher with 12 workers.
[PhysX] Initialized MultithreadedTaskDispatcher with 12 workers.
 -> (artifact id: '902436afd05207f9bbef2057d9b181a7') in 0.024835 seconds
Number of updated asset objects reloaded before import = 0
Number of asset objects unloaded after import = 2
========================================================================
Received Import Request.
  Time since last request: 2.140941 seconds.
  path: Assets/Models/LeafWall/Materials/AS09_Leaf07Front_dif_su.png
  artifactKey: Guid(f5fd125bcb528b643adebed24ffcc8bd) Importer(815301076,1909f56bfc062723c751e8b465ee728b)
Start importing Assets/Models/LeafWall/Materials/AS09_Leaf07Front_dif_su.png using Guid(f5fd125bcb528b643adebed24ffcc8bd) Importer(815301076,1909f56bfc062723c751e8b465ee728b) [PhysX] Initialized MultithreadedTaskDispatcher with 12 workers.
[PhysX] Initialized MultithreadedTaskDispatcher with 12 workers.
 -> (artifact id: '4f22229b8f7125d9e257821f9177442c') in 0.027101 seconds
Number of updated asset objects reloaded before import = 0
Number of asset objects unloaded after import = 2
========================================================================
Received Import Request.
  Time since last request: 0.000143 seconds.
  path: Assets/Models/LeafWall/Materials/AS09_Soil01_gls_su.png
  artifactKey: Guid(a8900c62dd1e4e2419e01d2285b4bc13) Importer(815301076,1909f56bfc062723c751e8b465ee728b)
Start importing Assets/Models/LeafWall/Materials/AS09_Soil01_gls_su.png using Guid(a8900c62dd1e4e2419e01d2285b4bc13) Importer(815301076,1909f56bfc062723c751e8b465ee728b) [PhysX] Initialized MultithreadedTaskDispatcher with 12 workers.
[PhysX] Initialized MultithreadedTaskDispatcher with 12 workers.
 -> (artifact id: '6a66f262c555ce5d3539fefe9535affd') in 0.022455 seconds
Number of updated asset objects reloaded before import = 0
Number of asset objects unloaded after import = 2
========================================================================
Received Import Request.
  Time since last request: 0.000198 seconds.
  path: Assets/Models/LeafWall/Materials/AS09_Soil01_dif_su.png
  artifactKey: Guid(b45efa32c41f55240b7b6de133c25d31) Importer(815301076,1909f56bfc062723c751e8b465ee728b)
Start importing Assets/Models/LeafWall/Materials/AS09_Soil01_dif_su.png using Guid(b45efa32c41f55240b7b6de133c25d31) Importer(815301076,1909f56bfc062723c751e8b465ee728b) [PhysX] Initialized MultithreadedTaskDispatcher with 12 workers.
[PhysX] Initialized MultithreadedTaskDispatcher with 12 workers.
 -> (artifact id: '5fee85787d7e56655027e445fc832ea6') in 0.021409 seconds
Number of updated asset objects reloaded before import = 0
Number of asset objects unloaded after import = 2
========================================================================
Received Import Request.
  Time since last request: 0.000151 seconds.
  path: Assets/Models/LeafWall/Materials/AS09_Wood01_gls_su.png
  artifactKey: Guid(50ff6080abaa75b42a1a099bec47b94b) Importer(815301076,1909f56bfc062723c751e8b465ee728b)
Start importing Assets/Models/LeafWall/Materials/AS09_Wood01_gls_su.png using Guid(50ff6080abaa75b42a1a099bec47b94b) Importer(815301076,1909f56bfc062723c751e8b465ee728b) [PhysX] Initialized MultithreadedTaskDispatcher with 12 workers.
[PhysX] Initialized MultithreadedTaskDispatcher with 12 workers.
 -> (artifact id: '3135d5d783143fb5f326eaf321491b4e') in 0.021671 seconds
Number of updated asset objects reloaded before import = 0
Number of asset objects unloaded after import = 2
========================================================================
Received Import Request.
  Time since last request: 346.935976 seconds.
  path: Assets/Models/LeafWall/Materials/AS09_Branch01_nml_su.png
  artifactKey: Guid(4f74746c67d03c54fa284b5fb0be6c53) Importer(815301076,1909f56bfc062723c751e8b465ee728b)
Start importing Assets/Models/LeafWall/Materials/AS09_Branch01_nml_su.png using Guid(4f74746c67d03c54fa284b5fb0be6c53) Importer(815301076,1909f56bfc062723c751e8b465ee728b) [PhysX] Initialized MultithreadedTaskDispatcher with 12 workers.
[PhysX] Initialized MultithreadedTaskDispatcher with 12 workers.
 -> (artifact id: '2d5db0d34ac1e9789b7e80f6c4ea9e60') in 0.068318 seconds
Number of updated asset objects reloaded before import = 0
Number of asset objects unloaded after import = 2
========================================================================
Received Import Request.
  Time since last request: 0.000032 seconds.
  path: Assets/Models/LeafWall/Materials/AS09_Flower01_nml_su.png
  artifactKey: Guid(ee746ce6d3d07374cacee42d5f32d43e) Importer(815301076,1909f56bfc062723c751e8b465ee728b)
Start importing Assets/Models/LeafWall/Materials/AS09_Flower01_nml_su.png using Guid(ee746ce6d3d07374cacee42d5f32d43e) Importer(815301076,1909f56bfc062723c751e8b465ee728b) [PhysX] Initialized MultithreadedTaskDispatcher with 12 workers.
[PhysX] Initialized MultithreadedTaskDispatcher with 12 workers.
 -> (artifact id: '5e37fffd167019c4e09d4ce4fe9e4f1f') in 0.023737 seconds
Number of updated asset objects reloaded before import = 0
Number of asset objects unloaded after import = 2
========================================================================
Received Import Request.
  Time since last request: 118.578873 seconds.
  path: Assets/Models/LeafWall/Materials/Branch01_SHD.mat
  artifactKey: Guid(c66872870d6e5854bbe95382590f5afb) Importer(815301076,1909f56bfc062723c751e8b465ee728b)
Start importing Assets/Models/LeafWall/Materials/Branch01_SHD.mat using Guid(c66872870d6e5854bbe95382590f5afb) Importer(815301076,1909f56bfc062723c751e8b465ee728b) [PhysX] Initialized MultithreadedTaskDispatcher with 12 workers.
[PhysX] Initialized MultithreadedTaskDispatcher with 12 workers.
 -> (artifact id: '1b1122da99cd3be259167dc36ffe269e') in 0.089498 seconds
Number of updated asset objects reloaded before import = 0
Number of asset objects unloaded after import = 4
========================================================================
Received Import Request.
  Time since last request: 8.565314 seconds.
  path: Assets/Models/LeafWall/Materials/Solid01_SHD.mat
  artifactKey: Guid(4f1ba7f461975364ba10dd1efdfe2bf3) Importer(815301076,1909f56bfc062723c751e8b465ee728b)
Start importing Assets/Models/LeafWall/Materials/Solid01_SHD.mat using Guid(4f1ba7f461975364ba10dd1efdfe2bf3) Importer(815301076,1909f56bfc062723c751e8b465ee728b) [PhysX] Initialized MultithreadedTaskDispatcher with 12 workers.
[PhysX] Initialized MultithreadedTaskDispatcher with 12 workers.
 -> (artifact id: '53ae869d16e6a501bebc568806c5e64e') in 0.037109 seconds
Number of updated asset objects reloaded before import = 0
Number of asset objects unloaded after import = 4
========================================================================
Received Prepare
Caller must complete domain reload
Begin MonoManager ReloadAssembly
- Loaded All Assemblies, in  0.561 seconds
Native extension for WindowsStandalone target not found
[Package Manager] Server::EnsureServerProcessIsRunning -- launch failed, reason: Unity was launched with the -noUpm command-line argument
[Package Manager] UpmClient::Send -- Unable to send message (not connected to UPM process).
[Package Manager] Cannot connect to Unity Package Manager local server
Mono: successfully reloaded assembly
- Finished resetting the current domain, in  1.483 seconds
Domain Reload Profiling: 2041ms
	BeginReloadAssembly (195ms)
		ExecutionOrderSort (0ms)
		DisableScriptedObjects (4ms)
		BackupInstance (0ms)
		ReleaseScriptingObjects (0ms)
		CreateAndSetChildDomain (51ms)
	RebuildCommonClasses (38ms)
	RebuildNativeTypeToScriptingClass (10ms)
	initialDomainReloadingComplete (42ms)
	LoadAllAssembliesAndSetupDomain (273ms)
		LoadAssemblies (365ms)
		RebuildTransferFunctionScriptingTraits (0ms)
		AnalyzeDomain (11ms)
			TypeCache.Refresh (6ms)
				TypeCache.ScanAssembly (0ms)
			ScanForSourceGeneratedMonoScriptInfo (0ms)
			ResolveRequiredComponents (4ms)
	FinalizeReload (1484ms)
		ReleaseScriptCaches (0ms)
		RebuildScriptCaches (0ms)
		SetupLoadedEditorAssemblies (598ms)
			LogAssemblyErrors (0ms)
			InitializePlatformSupportModulesInManaged (8ms)
			SetLoadedEditorAssemblies (7ms)
			RefreshPlugins (0ms)
			BeforeProcessingInitializeOnLoad (90ms)
			ProcessInitializeOnLoadAttributes (455ms)
			ProcessInitializeOnLoadMethodAttributes (28ms)
			AfterProcessingInitializeOnLoad (9ms)
			EditorAssembliesLoaded (0ms)
		ExecutionOrderSort2 (0ms)
		AwakeInstancesAfterBackupRestoration (8ms)
Refreshing native plugins compatible for Editor in 5.34 ms, found 3 plugins.
Preloading 0 native plugins for Editor in 0.00 ms.
Unloading 3081 Unused Serialized files (Serialized files now loaded: 0)
Unloading 14 unused Assets / (28.5 KB). Loaded Objects now: 3606.
Memory consumption went from 122.2 MB to 122.2 MB.
Total: 3.190000 ms (FindLiveObjects: 0.268400 ms CreateObjectMapping: 0.107900 ms MarkObjects: 2.749800 ms  DeleteObjects: 0.061900 ms)

Prepare: number of updated asset objects reloaded= 0
AssetImportParameters requested are different than current active one (requested -> active):
  custom:container-demuxer-ogg: 62fdf1f143b41e24485cea50d1cbac27 -> 
  custom:video-codec-MediaFoundation-h265: 746d11721c4dcdbdad8f713fa42b33f4 -> 
  custom:video-decoder-ogg-theora: a1e56fd34408186e4bbccfd4996cb3dc -> 
  custom:framework-win-MediaFoundation: 216162199b28c13a410421893ffa2e32 -> 
  custom:CustomObjectIndexerAttribute: 9a22284fe3817be447336de3de66b15e -> 
  custom:container-demuxer-webm: 4f35f7cbe854078d1ac9338744f61a02 -> 
  custom:container-muxer-webm: aa71ff27fc2769a1b78a27578f13a17b -> 
  custom:video-decoder-webm-vp8: 9c59270c3fd7afecdb556c50c9e8de78 -> 
  custom:SearchIndexIgnoredProperties: e643bd26f0fe6173181afceb89e7c659 -> 
  custom:AudioImporter_EditorPlatform: d09bf68614088b80899f8185d706f6e7 -> 
  custom:video-encoder-webm-vp8: eb34c28f22e8b96e1ab97ce403110664 -> 
  custom:audio-decoder-ogg-vorbis: bf7c407c2cedff20999df2af8eb42d56 -> 
  custom:audio-encoder-webm-vorbis: bf7c407c2cedff20999df2af8eb42d56 -> 
